Step: build-step-credential-initializer-2n68h:

Unable to retrieve container logs for docker://4655b5c88749db63ae8b9766e631af2a18624c381e2512371ae703770e0c1927
Step: build-step-working-dir-initializer-nl8xj:

Unable to retrieve container logs for docker://258be3b9b7726110126254f57e37a77de9a09efc14dcd05854cdc0ff89d2f011
Step: build-step-place-tools:

Unable to retrieve container logs for docker://30d47a064a24595459ac1eccced1545ed271cdb6ad34ba556bdddabf0009c71f
Step: build-step-git-source-jenkins-x-jenkins-x-builders-pr-k7sj7:

{"level":"warn","ts":1565225294.0118036,"logger":"fallback-logger","caller":"logging/config.go:65","msg":"Fetch GitHub commit ID from kodata failed: \"ref: refs/heads/master\" is not a valid GitHub commit ID"}
{"level":"info","ts":1565225295.4798548,"logger":"fallback-logger","caller":"git/git.go:102","msg":"Successfully cloned https://github.com/jenkins-x/jenkins-x-builders @ d354b764d8b402f5d12fc9a43d8b1215ae62a247 in path /workspace/source"}
Step: build-step-git-merge:

Warning failed to load version: failed to parse version -dev+9e73adc0b: No Major.Minor.Patch elements found
time="2019-08-08T00:49:36Z" level=info msg="got "
Using SHAs from PULL_REFS=master:de84a9c89157abcddea80fbe0fe918f59fe02647,636:d354b764d8b402f5d12fc9a43d8b1215ae62a247
ran git fetch --unshallow origin d354b764d8b402f5d12fc9a43d8b1215ae62a247: de84a9c89157abcddea80fbe0fe918f59fe02647: in 
ran git checkout master in 
ran git reset --hard de84a9c89157abcddea80fbe0fe918f59fe02647 in 
ran clean --force -d . in 
ran git merge d354b764d8b402f5d12fc9a43d8b1215ae62a247 in 
Step: build-step-step2:

updating builder-maven-java11
/workspace/source/builder-maven-java11 /workspace/source
FROM gcr.io/jenkinsxio/builder-base:0.0.44
/workspace/source
updating builder-maven-nodejs
/workspace/source/builder-maven-nodejs /workspace/source
FROM gcr.io/jenkinsxio/builder-base:0.0.44
/workspace/source
updating builder-go
/workspace/source/builder-go /workspace/source
FROM gcr.io/jenkinsxio/builder-base:0.0.44
/workspace/source
updating builder-go-maven
/workspace/source/builder-go-maven /workspace/source
FROM gcr.io/jenkinsxio/builder-base:0.0.44
/workspace/source
updating builder-terraform
/workspace/source/builder-terraform /workspace/source
FROM gcr.io/jenkinsxio/builder-base:0.0.44
/workspace/source
Step: build-step-step3:

/builder/home/kaniko-secret.json
Step: build-step-warm-cache:

Step: build-step-build-and-push-ruby:

[36mINFO[0m[0000] Downloading base image gcr.io/jenkinsxio/builder-rubybase:0.0.45 
[36mINFO[0m[0000] Found sha256:68ea9a962e92314d002e439813ded44bb6a3cafb45ed630f976cbb92d4773b4b in local cache 
[36mINFO[0m[0000] Found manifest at /workspace/sha256:68ea9a962e92314d002e439813ded44bb6a3cafb45ed630f976cbb92d4773b4b.json 
[36mINFO[0m[0000] Checking for cached layer gcr.io/jenkinsxio/cache:c2de42ae888057aee568acd050e37df9e57fe32a8e48f5a33590ff528a2db7d5... 
[36mINFO[0m[0001] Using caching version of cmd: RUN curl -f -L https://github.com/jenkins-x/**/releases/download/v${JX_VERSION}/**-linux-amd64.tar.gz | tar xzv &&   mv ** /usr/bin/ 
[36mINFO[0m[0001] Skipping unpacking as no commands require it. 
[36mINFO[0m[0001] Taking snapshot of full filesystem...        
[36mINFO[0m[0009] ENV JX_VERSION 2.0.569                       
[36mINFO[0m[0009] No files changed in this command, skipping snapshotting. 
[36mINFO[0m[0009] RUN curl -f -L https://github.com/jenkins-x/**/releases/download/v${JX_VERSION}/**-linux-amd64.tar.gz | tar xzv &&   mv ** /usr/bin/ 
[36mINFO[0m[0009] Found cached layer, extracting to filesystem 
[36mINFO[0m[0014] Taking snapshot of files...                  
2019/08/08 00:51:36 existing blob: sha256:26c7c50954cdde3f0c07bba6f7380f8cc54a41341bcdd2e7a0921f241eb5e41b
2019/08/08 00:51:36 existing blob: sha256:4f2f2375eda7fcb98cd22858eb3008c610add3f9d1e993ccec0d32b5b0d9c825
2019/08/08 00:51:36 existing blob: sha256:934b06fa8cfa289eaad6c8ddc6f3f02e0083a09efcc091c6d07fae8d469dbb62
2019/08/08 00:51:36 existing blob: sha256:72744d0a318b0788001cc4f5f83c6847ba4b753307fadd046b508bbc41eb9e29
2019/08/08 00:51:36 existing blob: sha256:380e2049619257332988d1d9fa7cf39539f328dec43df5eadddf985efa9d5b70
2019/08/08 00:51:36 existing blob: sha256:6a20895ca01c046a03b74a81de66b0d4cf7c4cc44b338855e425f4f60d9d0be4
2019/08/08 00:51:36 existing blob: sha256:193a6306c92af328dbd41bbbd3200a2c90802624cccfe5725223324428110d7f
2019/08/08 00:51:36 existing blob: sha256:a2a7264255929d31586b2389e52c0939bdd2f627b72e6aca55ff169108589524
2019/08/08 00:51:36 existing blob: sha256:b260fc47d21d0a4c3b90c054d2d5353a737ac7bbc318eeebca645ba2a453f885
2019/08/08 00:51:36 existing blob: sha256:242245e0f8a525dda51325ad307194306db015974aa166e876c1170760bdd0d2
2019/08/08 00:51:36 existing blob: sha256:75ae3c3502dfe7f8c63737ff5761cae5319bfd2b2729061c2d771f38c6a5e36f
2019/08/08 00:51:36 existing blob: sha256:86743d0a4e7d9d868c585fde4d41099f044f4f9f75850b9e6fa2be04b6151b6b
2019/08/08 00:51:36 existing blob: sha256:15aae1fd4c8dd5cb295e732f9a15ee9e7829448cea52331b0c9577cbdc0f701e
2019/08/08 00:51:36 existing blob: sha256:4364de23977f05aa0d9c1428ea0c951124d9f8fd47f38284d1b433c667c6603a
2019/08/08 00:51:36 existing blob: sha256:31d57ef7a684bffc0decadb0c268cf3c9b582271caab5565148ed4a87d7c4167
2019/08/08 00:51:36 existing blob: sha256:a587a86c9dcb9df6584180042becf21e36ecd8b460a761711227b4b06889a005
2019/08/08 00:51:36 existing blob: sha256:74ae596dcbf434e7d3c4e4fb61f0770a591b44555d890967df9fb48d2784d660
2019/08/08 00:51:36 existing blob: sha256:33f55007e352482f079f1dbbf511a632c16e40e6b2b291f20fedc7a6bd84d7e5
2019/08/08 00:51:36 existing blob: sha256:bc9ab73e5b14b9fbd3687a4d8c1f1360533d6ee9ffc3f5ecc6630794b40257b7
2019/08/08 00:51:36 existing blob: sha256:fb15cc90504fedd5136d7cbbc0cdd7f061e04c46f5a3bde691cbab3ae5a21a4f
2019/08/08 00:51:36 existing blob: sha256:0141ed72a9086f88844b12693debd7da3920c3f3de2d5082c95fc063ff401181
2019/08/08 00:51:36 existing blob: sha256:61867ca3bdaae8ffefd96eaa67fad1222e48b93ba875c10ebaee772a59843b8f
2019/08/08 00:51:36 existing blob: sha256:c57b3995d9e150bed3d13f46a2ba1aa43b6f9d0621b3de76f6d3a8a1af50e3ab
2019/08/08 00:51:36 existing blob: sha256:232232af6ec6eec72491c0c9489f86dfdf41f841b950d45a382079ee38716a66
2019/08/08 00:51:36 existing blob: sha256:38fecbcd9c18a2110608dd5af4ab05dd3d355eae3ea6c291f88ca9168016cb03
2019/08/08 00:51:36 existing blob: sha256:65b45673f4373a9a3c307350a372ac8db0d05a996d90a733612fb8e8d91a6111
2019/08/08 00:51:36 existing blob: sha256:9b2061e162632d77a25776356dbd31558543644cc1cf8a83515cb3aa3b270480
2019/08/08 00:51:36 existing blob: sha256:4189ef76b32d1ef6520f2bebe686c27aa5fc7f38e21953ccb1cbbbfbab89b4a1
2019/08/08 00:51:36 existing blob: sha256:04213678e91c62a8bb16267a8e3a3cb00dc885782179388b40fe6532341530c7
2019/08/08 00:51:36 existing blob: sha256:f7fc55f768eaf9aff651865fce65dc0484b90f0849bd368a210ae5eb6cf1b64a
2019/08/08 00:51:36 existing blob: sha256:e5c3f8c317dc30af45021092a3d76f16ba7aa1ee5f18fec742c84d4960818580
2019/08/08 00:51:39 pushed blob: sha256:4c59dd6c35c52901072cd9884517ca5d9655607762e4d86aaf6b3e6373286b68
2019/08/08 00:51:47 pushed blob: sha256:664a2afb3239e3e3ab40a9b83b291bd16700dcdb49bb6eb2221dae0638fadc83
2019/08/08 00:51:48 gcr.io/jenkinsxio/builder-ruby:0.0.0-SNAPSHOT-PR-636-37: digest: sha256:5281bc15768c69a3a3ecc5092e84e10fa4068214a6cafc1a5faedbb865505c3f size: 5515
Step: build-step-build-and-push-rust:

[36mINFO[0m[0000] Downloading base image gcr.io/jenkinsxio/builder-base:0.0.45 
[36mINFO[0m[0000] Found sha256:4b5edd0093e2154c3b8e56247f72b0c50f931fb7c559a7e267bfcc9fa202e8ee in local cache 
[36mINFO[0m[0000] Found manifest at /workspace/sha256:4b5edd0093e2154c3b8e56247f72b0c50f931fb7c559a7e267bfcc9fa202e8ee.json 
[36mINFO[0m[0000] Checking for cached layer gcr.io/jenkinsxio/cache:a55f25104a7174cceddfd9348c92b4ca953742db06d7f0fee606617485f2f851... 
[36mINFO[0m[0001] Using caching version of cmd: RUN yum install -y gcc && yum clean all 
[36mINFO[0m[0001] Checking for cached layer gcr.io/jenkinsxio/cache:93d7a7c85d68365404f04c9f7ddf187044ea370b050d0180209ae3dda53207f2... 
[36mINFO[0m[0001] Cache entry expired: gcr.io/jenkinsxio/cache:93d7a7c85d68365404f04c9f7ddf187044ea370b050d0180209ae3dda53207f2 
[36mINFO[0m[0001] No cached layer found for cmd RUN wget https://static.rust-lang.org/rustup/dist/x86_64-unknown-linux-gnu/rustup-init &&   chmod +x rustup-init &&  ./rustup-init -y &&  rm -rf rustup-init 
[36mINFO[0m[0001] Unpacking rootfs as cmd RUN wget https://static.rust-lang.org/rustup/dist/x86_64-unknown-linux-gnu/rustup-init &&   chmod +x rustup-init &&  ./rustup-init -y &&  rm -rf rustup-init requires it. 
[36mINFO[0m[0078] Taking snapshot of full filesystem...        
[36mINFO[0m[0124] RUN yum install -y gcc && yum clean all      
[36mINFO[0m[0124] Found cached layer, extracting to filesystem 
[36mINFO[0m[0126] Taking snapshot of files...                  
[36mINFO[0m[0126] RUN wget https://static.rust-lang.org/rustup/dist/x86_64-unknown-linux-gnu/rustup-init &&   chmod +x rustup-init &&  ./rustup-init -y &&  rm -rf rustup-init 
[36mINFO[0m[0126] cmd: /bin/sh                                 
[36mINFO[0m[0126] args: [-c wget https://static.rust-lang.org/rustup/dist/x86_64-unknown-linux-gnu/rustup-init &&   chmod +x rustup-init &&  ./rustup-init -y &&  rm -rf rustup-init] 
--2019-08-08 00:53:55--  https://static.rust-lang.org/rustup/dist/x86_64-unknown-linux-gnu/rustup-init
Resolving static.rust-lang.org (static.rust-lang.org)... 13.32.123.252, 13.32.123.12, 13.32.123.165, ...
Connecting to static.rust-lang.org (static.rust-lang.org)|13.32.123.252|:443... connected.
HTTP request sent, awaiting response... 200 OK
Length: 10734264 (10M) [binary/octet-stream]
Saving to: ‘rustup-init’

     0K .......... .......... .......... .......... ..........  0% 3.18M 3s
    50K .......... .......... .......... .......... ..........  0% 5.99M 2s
   100K .......... .......... .......... .......... ..........  1% 8.88M 2s
   150K .......... .......... .......... .......... ..........  1% 11.4M 2s
   200K .......... .......... .......... .......... ..........  2% 15.0M 1s
   250K .......... .......... .......... .......... ..........  2% 14.4M 1s
   300K .......... .......... .......... .......... ..........  3% 23.3M 1s
   350K .......... .......... .......... .......... ..........  3% 23.2M 1s
   400K .......... .......... .......... .......... ..........  4% 23.9M 1s
   450K .......... .......... .......... .......... ..........  4% 31.9M 1s
   500K .......... .......... .......... .......... ..........  5% 30.9M 1s
   550K .......... .......... .......... .......... ..........  5% 26.6M 1s
   600K .......... .......... .......... .......... ..........  6% 59.7M 1s
   650K .......... .......... .......... .......... ..........  6% 59.0M 1s
   700K .......... .......... .......... .......... ..........  7% 28.1M 1s
   750K .......... .......... .......... .......... ..........  7% 41.9M 1s
   800K .......... .......... .......... .......... ..........  8% 59.2M 1s
   850K .......... .......... .......... .......... ..........  8% 55.8M 1s
   900K .......... .......... .......... .......... ..........  9% 56.1M 1s
   950K .......... .......... .......... .......... ..........  9% 60.4M 1s
  1000K .......... .......... .......... .......... .......... 10% 56.1M 1s
  1050K .......... .......... .......... .......... .......... 10% 76.1M 1s
  1100K .......... .......... .......... .......... .......... 10%  156M 0s
  1150K .......... .......... .......... .......... .......... 11% 49.0M 0s
  1200K .......... .......... .......... .......... .......... 11% 62.3M 0s
  1250K .......... .......... .......... .......... .......... 12% 88.5M 0s
  1300K .......... .......... .......... .......... .......... 12% 74.1M 0s
  1350K .......... .......... .......... .......... .......... 13%  138M 0s
  1400K .......... .......... .......... .......... .......... 13% 85.0M 0s
  1450K .......... .......... .......... .......... .......... 14% 55.9M 0s
  1500K .......... .......... .......... .......... .......... 14% 42.0M 0s
  1550K .......... .......... .......... .......... .......... 15%  153M 0s
  1600K .......... .......... .......... .......... .......... 15% 95.0M 0s
  1650K .......... .......... .......... .......... .......... 16%  125M 0s
  1700K .......... .......... .......... .......... .......... 16%  119M 0s
  1750K .......... .......... .......... .......... .......... 17% 86.2M 0s
  1800K .......... .......... .......... .......... .......... 17%  113M 0s
  1850K .......... .......... .......... .......... .......... 18%  169M 0s
  1900K .......... .......... .......... .......... .......... 18% 97.2M 0s
  1950K .......... .......... .......... .......... .......... 19% 80.1M 0s
  2000K .......... .......... .......... .......... .......... 19%  137M 0s
  2050K .......... .......... .......... .......... .......... 20%  124M 0s
  2100K .......... .......... .......... .......... .......... 20%  128M 0s
  2150K .......... .......... .......... .......... .......... 20%  145M 0s
  2200K .......... .......... .......... .......... .......... 21%  175M 0s
  2250K .......... .......... .......... .......... .......... 21%  122M 0s
  2300K .......... .......... .......... .......... .......... 22%  122M 0s
  2350K .......... .......... .......... .......... .......... 22%  131M 0s
  2400K .......... .......... .......... .......... .......... 23%  156M 0s
  2450K .......... .......... .......... .......... .......... 23%  114M 0s
  2500K .......... .......... .......... .......... .......... 24%  153M 0s
  2550K .......... .......... .......... .......... .......... 24%  155M 0s
  2600K .......... .......... .......... .......... .......... 25%  132M 0s
  2650K .......... .......... .......... .......... .......... 25%  183M 0s
  2700K .......... .......... .......... .......... .......... 26%  144M 0s
  2750K .......... .......... .......... .......... .......... 26%  137M 0s
  2800K .......... .......... .......... .......... .......... 27%  126M 0s
  2850K .......... .......... .......... .......... .......... 27%  141M 0s
  2900K .......... .......... .......... .......... .......... 28%  124M 0s
  2950K .......... .......... .......... .......... .......... 28%  117M 0s
  3000K .......... .......... .......... .......... .......... 29%  125M 0s
  3050K .......... .......... .......... .......... .......... 29%  133M 0s
  3100K .......... .......... .......... .......... .......... 30%  136M 0s
  3150K .......... .......... .......... .......... .......... 30%  117M 0s
  3200K .......... .......... .......... .......... .......... 31%  155M 0s
  3250K .......... .......... .......... .......... .......... 31%  177M 0s
  3300K .......... .......... .......... .......... .......... 31%  137M 0s
  3350K .......... .......... .......... .......... .......... 32%  113M 0s
  3400K .......... .......... .......... .......... .......... 32%  127M 0s
  3450K .......... .......... .......... .......... .......... 33% 97.0M 0s
  3500K .......... .......... .......... .......... .......... 33%  107M 0s
  3550K .......... .......... .......... .......... .......... 34%  143M 0s
  3600K .......... .......... .......... .......... .......... 34%  179M 0s
  3650K .......... .......... .......... .......... .......... 35%  179M 0s
  3700K .......... .......... .......... .......... .......... 35%  103M 0s
  3750K .......... .......... .......... .......... .......... 36%  154M 0s
  3800K .......... .......... .......... .......... .......... 36%  185M 0s
  3850K .......... .......... .......... .......... .......... 37%  134M 0s
  3900K .......... .......... .......... .......... .......... 37%  136M 0s
  3950K .......... .......... .......... .......... .......... 38%  150M 0s
  4000K .......... .......... .......... .......... .......... 38% 92.9M 0s
  4050K .......... .......... .......... .......... .......... 39%  136M 0s
  4100K .......... .......... .......... .......... .......... 39%  107M 0s
  4150K .......... .......... .......... .......... .......... 40%  125M 0s
  4200K .......... .......... .......... .......... .......... 40%  142M 0s
  4250K .......... .......... .......... .......... .......... 41%  108M 0s
  4300K .......... .......... .......... .......... .......... 41%  154M 0s
  4350K .......... .......... .......... .......... .......... 41%  149M 0s
  4400K .......... .......... .......... .......... .......... 42% 15.4M 0s
  4450K .......... .......... .......... .......... .......... 42%  144M 0s
  4500K .......... .......... .......... .......... .......... 43%  142M 0s
  4550K .......... .......... .......... .......... .......... 43%  136M 0s
  4600K .......... .......... .......... .......... .......... 44%  161M 0s
  4650K .......... .......... .......... .......... .......... 44%  171M 0s
  4700K .......... .......... .......... .......... .......... 45%  158M 0s
  4750K .......... .......... .......... .......... .......... 45%  135M 0s
  4800K .......... .......... .......... .......... .......... 46%  133M 0s
  4850K .......... .......... .......... .......... .......... 46%  130M 0s
  4900K .......... .......... .......... .......... .......... 47%  140M 0s
  4950K .......... .......... .......... .......... .......... 47%  162M 0s
  5000K .......... .......... .......... .......... .......... 48%  128M 0s
  5050K .......... .......... .......... .......... .......... 48% 49.8M 0s
  5100K .......... .......... .......... .......... .......... 49% 72.0M 0s
  5150K .......... .......... .......... .......... .......... 49%  113M 0s
  5200K .......... .......... .......... .......... .......... 50% 83.5M 0s
  5250K .......... .......... .......... .......... .......... 50% 70.6M 0s
  5300K .......... .......... .......... .......... .......... 51% 88.4M 0s
  5350K .......... .......... .......... .......... .......... 51% 86.9M 0s
  5400K .......... .......... .......... .......... .......... 51%  106M 0s
  5450K .......... .......... .......... .......... .......... 52% 75.3M 0s
  5500K .......... .......... .......... .......... .......... 52% 82.8M 0s
  5550K .......... .......... .......... .......... .......... 53% 82.2M 0s
  5600K .......... .......... .......... .......... .......... 53%  129M 0s
  5650K .......... .......... .......... .......... .......... 54% 62.7M 0s
  5700K .......... .......... .......... .......... .......... 54% 46.1M 0s
  5750K .......... .......... .......... .......... .......... 55%  131M 0s
  5800K .......... .......... .......... .......... .......... 55%  190M 0s
  5850K .......... .......... .......... .......... .......... 56%  106M 0s
  5900K .......... .......... .......... .......... .......... 56% 70.3M 0s
  5950K .......... .......... .......... .......... .......... 57% 74.5M 0s
  6000K .......... .......... .......... .......... .......... 57% 71.8M 0s
  6050K .......... .......... .......... .......... .......... 58%  152M 0s
  6100K .......... .......... .......... .......... .......... 58% 59.4M 0s
  6150K .......... .......... .......... .......... .......... 59% 75.2M 0s
  6200K .......... .......... .......... .......... .......... 59% 59.1M 0s
  6250K .......... .......... .......... .......... .......... 60% 67.6M 0s
  6300K .......... .......... .......... .......... .......... 60% 93.0M 0s
  6350K .......... .......... .......... .......... .......... 61%  105M 0s
  6400K .......... .......... .......... .......... .......... 61% 72.6M 0s
  6450K .......... .......... .......... .......... .......... 62% 66.3M 0s
  6500K .......... .......... .......... .......... .......... 62%  157M 0s
  6550K .......... .......... .......... .......... .......... 62% 81.3M 0s
  6600K .......... .......... .......... .......... .......... 63% 40.5M 0s
  6650K .......... .......... .......... .......... .......... 63% 7.47M 0s
  6700K .......... .......... .......... .......... .......... 64% 7.30M 0s
  6750K .......... .......... .......... .......... .......... 64%  135M 0s
  6800K .......... .......... .......... .......... .......... 65% 14.2M 0s
  6850K .......... .......... .......... .......... .......... 65% 71.8M 0s
  6900K .......... .......... .......... .......... .......... 66% 73.3M 0s
  6950K .......... .......... .......... .......... .......... 66% 59.6M 0s
  7000K .......... .......... .......... .......... .......... 67%  170M 0s
  7050K .......... .......... .......... .......... .......... 67% 57.8M 0s
  7100K .......... .......... .......... .......... .......... 68% 65.8M 0s
  7150K .......... .......... .......... .......... .......... 68%  103M 0s
  7200K .......... .......... .......... .......... .......... 69%  140M 0s
  7250K .......... .......... .......... .......... .......... 69% 76.5M 0s
  7300K .......... .......... .......... .......... .......... 70% 68.8M 0s
  7350K .......... .......... .......... .......... .......... 70% 90.4M 0s
  7400K .......... .......... .......... .......... .......... 71% 65.1M 0s
  7450K .......... .......... .......... .......... .......... 71%  101M 0s
  7500K .......... .......... .......... .......... .......... 72% 89.9M 0s
  7550K .......... .......... .......... .......... .......... 72% 70.5M 0s
  7600K .......... .......... .......... .......... .......... 72% 74.0M 0s
  7650K .......... .......... .......... .......... .......... 73%  138M 0s
  7700K .......... .......... .......... .......... .......... 73% 63.8M 0s
  7750K .......... .......... .......... .......... .......... 74% 80.4M 0s
  7800K .......... .......... .......... .......... .......... 74% 46.9M 0s
  7850K .......... .......... .......... .......... .......... 75% 76.6M 0s
  7900K .......... .......... .......... .......... .......... 75%  125M 0s
  7950K .......... .......... .......... .......... .......... 76% 81.9M 0s
  8000K .......... .......... .......... .......... .......... 76% 82.1M 0s
  8050K .......... .......... .......... .......... .......... 77% 55.1M 0s
  8100K .......... .......... .......... .......... .......... 77%  131M 0s
  8150K .......... .......... .......... .......... .......... 78% 30.3M 0s
  8200K .......... .......... .......... .......... .......... 78% 59.8M 0s
  8250K .......... .......... .......... .......... .......... 79% 78.7M 0s
  8300K .......... .......... .......... .......... .......... 79% 73.4M 0s
  8350K .......... .......... .......... .......... .......... 80%  122M 0s
  8400K .......... .......... .......... .......... .......... 80% 67.9M 0s
  8450K .......... .......... .......... .......... .......... 81% 74.7M 0s
  8500K .......... .......... .......... .......... .......... 81% 77.4M 0s
  8550K .......... .......... .......... .......... .......... 82% 64.6M 0s
  8600K .......... .......... .......... .......... .......... 82%  111M 0s
  8650K .......... .......... .......... .......... .......... 82% 71.3M 0s
  8700K .......... .......... .......... .......... .......... 83% 67.3M 0s
  8750K .......... .......... .......... .......... .......... 83% 60.0M 0s
  8800K .......... .......... .......... .......... .......... 84%  139M 0s
  8850K .......... .......... .......... .......... .......... 84% 63.1M 0s
  8900K .......... .......... .......... .......... .......... 85% 68.7M 0s
  8950K .......... .......... .......... .......... .......... 85% 50.3M 0s
  9000K .......... .......... .......... .......... .......... 86% 8.04M 0s
  9050K .......... .......... .......... .......... .......... 86% 98.6M 0s
  9100K .......... .......... .......... .......... .......... 87%  152M 0s
  9150K .......... .......... .......... .......... .......... 87%  121M 0s
  9200K .......... .......... .......... .......... .......... 88%  139M 0s
  9250K .......... .......... .......... .......... .......... 88%  157M 0s
  9300K .......... .......... .......... .......... .......... 89%  149M 0s
  9350K .......... .......... .......... .......... .......... 89%  134M 0s
  9400K .......... .......... .......... .......... .......... 90%  161M 0s
  9450K .......... .......... .......... .......... .......... 90%  200M 0s
  9500K .......... .......... .......... .......... .......... 91%  167M 0s
  9550K .......... .......... .......... .......... .......... 91%  128M 0s
  9600K .......... .......... .......... .......... .......... 92%  158M 0s
  9650K .......... .......... .......... .......... .......... 92%  170M 0s
  9700K .......... .......... .......... .......... .......... 93%  186M 0s
  9750K .......... .......... .......... .......... .......... 93%  166M 0s
  9800K .......... .......... .......... .......... .......... 93%  165M 0s
  9850K .......... .......... .......... .......... .......... 94% 94.7M 0s
  9900K .......... .......... .......... .......... .......... 94%  152M 0s
  9950K .......... .......... .......... .......... .......... 95%  136M 0s
 10000K .......... .......... .......... .......... .......... 95% 31.2M 0s
 10050K .......... .......... .......... .......... .......... 96% 19.3M 0s
 10100K .......... .......... .......... .......... .......... 96% 48.5M 0s
 10150K .......... .......... .......... .......... .......... 97% 73.8M 0s
 10200K .......... .......... .......... .......... .......... 97%  141M 0s
 10250K .......... .......... .......... .......... .......... 98% 28.8M 0s
 10300K .......... .......... .......... .......... .......... 98% 76.1M 0s
 10350K .......... .......... .......... .......... .......... 99% 50.0M 0s
 10400K .......... .......... .......... .......... .......... 99%  107M 0s
 10450K .......... .......... .......... ..                   100%  136M=0.2s

2019-08-08 00:53:55 (55.7 MB/s) - ‘rustup-init’ saved [10734264/10734264]

info: syncing channel updates for 'stable-x86_64-unknown-linux-gnu'
info: latest update on 2019-07-04, rust version 1.36.0 (a53f9df32 2019-07-03)
info: downloading component 'rustc'
info: downloading component 'rust-std'
info: downloading component 'cargo'
info: downloading component 'rust-docs'
info: installing component 'rustc'
info: installing component 'rust-std'
info: installing component 'cargo'
info: installing component 'rust-docs'
info: default toolchain set to 'stable'

  stable installed - rustc 1.36.0 (a53f9df32 2019-07-03)


Rust is installed now. Great!

To get started you need Cargo's bin directory ($HOME/.cargo/bin) in your PATH 
environment variable. Next time you log in this will be done automatically.

To configure your current shell run source $HOME/.cargo/env
[36mINFO[0m[0171] Taking snapshot of full filesystem...        
[36mINFO[0m[0256] Adding whiteout for /var/cache/yum/x86_64/7/base/repomd.xml 
[36mINFO[0m[0256] Adding whiteout for /var/cache/yum/x86_64/7/epel/cachecookie 
[36mINFO[0m[0256] Adding whiteout for /var/lib/yum/rpmdb-indexes/version 
[36mINFO[0m[0256] Adding whiteout for /var/cache/yum/x86_64/7/base/bc140c8149fc43a5248fccff0daeef38182e49f6fe75d9b46db1206dc25a6c1c-c7-x86_64-comps.xml.gz 
[36mINFO[0m[0256] Adding whiteout for /var/cache/yum/x86_64/7/base/mirrorlist.txt 
[36mINFO[0m[0256] Adding whiteout for /var/cache/yum/x86_64/7/extras/8040035f545d88fec517382949ce96902ed4ef232874e68bdf2ffdbcf2c6c2ec-primary.sqlite.bz2 
[36mINFO[0m[0256] Adding whiteout for /var/cache/yum/x86_64/7/extras/gen/primary_db.sqlite 
[36mINFO[0m[0256] Adding whiteout for /var/cache/yum/x86_64/7/base/gen/comps.xml 
[36mINFO[0m[0256] Adding whiteout for /var/cache/yum/x86_64/7/epel/67524caa6631e887a5ec38e3facaaa685101876958e16bcb69c6e7a5f77aa607-primary.sqlite.bz2 
[36mINFO[0m[0256] Adding whiteout for /var/cache/yum/x86_64/7/extras/cachecookie 
[36mINFO[0m[0256] Adding whiteout for /var/cache/yum/x86_64/7/updates/7303cbcc9806f8d266e12f27067a972b40e736f13800129e79d035fdd8883df6-primary.sqlite.bz2 
[36mINFO[0m[0256] Adding whiteout for /var/cache/yum/x86_64/7/google-chrome/primary.xml.gz 
[36mINFO[0m[0256] Adding whiteout for /var/lib/yum/rpmdb-indexes/conflicts 
[36mINFO[0m[0256] Adding whiteout for /var/cache/yum/x86_64/7/base/6614b3605d961a4aaec45d74ac4e5e713e517debb3ee454a1c91097955780697-primary.sqlite.bz2 
[36mINFO[0m[0256] Adding whiteout for /var/cache/yum/x86_64/7/google-chrome/repomd.xml 
[36mINFO[0m[0256] Adding whiteout for /var/lib/yum/rpmdb-indexes/obsoletes 
[36mINFO[0m[0256] Adding whiteout for /var/cache/yum/x86_64/7/base/cachecookie 
[36mINFO[0m[0256] Adding whiteout for /var/cache/yum/x86_64/7/epel/repomd.xml 
[36mINFO[0m[0256] Adding whiteout for /var/cache/yum/x86_64/7/timedhosts.txt 
[36mINFO[0m[0256] Adding whiteout for /var/cache/yum/x86_64/7/epel/d2d16b74b98b26292868d49413181da81c791150ce460be98bcf0628f3005bc7-updateinfo.xml.bz2 
[36mINFO[0m[0256] Adding whiteout for /var/cache/yum/x86_64/7/updates/2c2cf8e196fcaafe88087e86175911120578086d4648cb8260fbffc9326e2bcb-filelists.sqlite.bz2 
[36mINFO[0m[0256] Adding whiteout for /var/cache/yum/x86_64/7/base/gen/primary_db.sqlite 
[36mINFO[0m[0256] Adding whiteout for /var/cache/yum/x86_64/7/extras/mirrorlist.txt 
[36mINFO[0m[0256] Adding whiteout for /var/cache/yum/x86_64/7/updates/gen/filelists_db.sqlite 
[36mINFO[0m[0256] Adding whiteout for /var/cache/yum/x86_64/7/epel/gen/comps.xml 
[36mINFO[0m[0256] Adding whiteout for /var/cache/yum/x86_64/7/epel/90a58610660455abd8f6aa587347a572e9ebc7bf949fd777fd9358d3d7c0b481-primary.sqlite.bz2 
[36mINFO[0m[0256] Adding whiteout for /var/cache/yum/x86_64/7/updates/gen/primary_db.sqlite 
[36mINFO[0m[0256] Adding whiteout for /var/lib/yum/rpmdb-indexes/file-requires 
[36mINFO[0m[0256] Adding whiteout for /var/cache/yum/x86_64/7/updates/c317d43ffabba63436dd2fd246cd83fb0fef9cce712f8b67ef371e29e81aef4a-primary.sqlite.bz2 
[36mINFO[0m[0256] Adding whiteout for /var/cache/yum/x86_64/7/updates/repomd.xml 
[36mINFO[0m[0256] Adding whiteout for /var/cache/yum/x86_64/7/base/a0ec5a4708a1026db100d4799c404c9ed48a9371a4bab234a1355f86628a244a-filelists.sqlite.bz2 
[36mINFO[0m[0256] Adding whiteout for /var/cache/yum/x86_64/7/google-chrome/gen/primary.xml 
[36mINFO[0m[0256] Adding whiteout for /var/cache/yum/x86_64/7/epel/5bcd966a5e87d03e75963c79096fb0e5d5ad89a705a9f220c998fea556d32255-updateinfo.xml.bz2 
[36mINFO[0m[0256] Adding whiteout for /var/cache/yum/x86_64/7/epel/metalink.xml 
[36mINFO[0m[0256] Adding whiteout for /var/cache/yum/x86_64/7/updates/mirrorlist.txt 
[36mINFO[0m[0256] Adding whiteout for /var/cache/yum/x86_64/7/updates/cachecookie 
[36mINFO[0m[0256] Adding whiteout for /var/cache/yum/x86_64/7/google-chrome/gen/primary.xml.sqlite 
[36mINFO[0m[0256] Adding whiteout for /var/lib/yum/rpmdb-indexes/pkgtups-checksums 
[36mINFO[0m[0256] Adding whiteout for /var/cache/yum/x86_64/7/google-chrome/cachecookie 
[36mINFO[0m[0256] Adding whiteout for /var/cache/yum/x86_64/7/extras/repomd.xml 
[36mINFO[0m[0256] Adding whiteout for /var/cache/yum/x86_64/7/epel/d97ad2922a45eb2a5fc007fdd84e7ae4981b257d3b94c3c9f5d7b0dda6baa098-comps-Everything.x86_64.xml.gz 
[36mINFO[0m[0256] Adding whiteout for /var/cache/yum/x86_64/7/base/gen/filelists_db.sqlite 
[36mINFO[0m[0256] Adding whiteout for /var/cache/yum/x86_64/7/epel/gen/primary_db.sqlite 
[36mINFO[0m[0312] ENV PATH=$PATH:/root/.cargo/bin              
[36mINFO[0m[0312] No files changed in this command, skipping snapshotting. 
[36mINFO[0m[0312] RUN rustup override set nightly              
[36mINFO[0m[0312] cmd: /bin/sh                                 
[36mINFO[0m[0312] args: [-c rustup override set nightly]       
info: syncing channel updates for 'nightly-x86_64-unknown-linux-gnu'
[36mINFO[0m[0312] Pushing layer gcr.io/jenkinsxio/cache:93d7a7c85d68365404f04c9f7ddf187044ea370b050d0180209ae3dda53207f2 to cache now 
info: latest update on 2019-08-08, rust version 1.38.0-nightly (ad7c55e1f 2019-08-07)
info: downloading component 'rustc'
2019/08/08 00:57:04 pushed blob: sha256:1555b6b9c05c3fa854d2455915cf04a415f0e72613c3c9675677aa0d7d36e246
info: downloading component 'rust-std'
info: downloading component 'cargo'
info: downloading component 'rust-docs'
info: installing component 'rustc'
2019/08/08 00:57:35 pushed blob: sha256:0e783dbac5f5a0c2d630f3031c0b53c9b96a8ea23c8c626eb60e88558766f7fc
2019/08/08 00:57:36 gcr.io/jenkinsxio/cache:93d7a7c85d68365404f04c9f7ddf187044ea370b050d0180209ae3dda53207f2: digest: sha256:782ee8907b0bf58093f58f9f58e89721361788c8701892b40a5ca016ff405f7b size: 430
info: installing component 'rust-std'
info: installing component 'cargo'
info: installing component 'rust-docs'
info: override toolchain for '/home/jenkins' set to 'nightly-x86_64-unknown-linux-gnu'

  nightly-x86_64-unknown-linux-gnu installed - rustc 1.38.0-nightly (ad7c55e1f 2019-08-07)

[36mINFO[0m[0365] Taking snapshot of full filesystem...        
[36mINFO[0m[0423] Pushing layer gcr.io/jenkinsxio/cache:3bbd3c41c2eac5d418417f211e7dd5e1539a1ca3a0d226f17acb4d53665d8c11 to cache now 
[36mINFO[0m[0423] ENV JX_VERSION 2.0.569                       
[36mINFO[0m[0423] No files changed in this command, skipping snapshotting. 
[36mINFO[0m[0423] RUN curl -f -L https://github.com/jenkins-x/**/releases/download/v${JX_VERSION}/**-linux-amd64.tar.gz | tar xzv &&   mv ** /usr/bin/ 
[36mINFO[0m[0423] cmd: /bin/sh                                 
[36mINFO[0m[0423] args: [-c curl -f -L https://github.com/jenkins-x/**/releases/download/v${JX_VERSION}/**-linux-amd64.tar.gz | tar xzv &&   mv ** /usr/bin/] 
  % Total    % Received % Xferd  Average Speed   Time    Time     Time  Current
                                 Dload  Upload   Total   Spent    Left  Speed
  0     0    0     0    0     0      0      0 --:--:-- --:--:-- --:--:--     0100   612    0   612    0     0   1705      0 --:--:-- --:--:-- --:--:--  1709
LICENSE
README.md
changelog.md
**
  0     0    0     0    0     0      0      0 --:--:-- --:--:-- --:--:--     0  4 65.6M    4 3277k    0     0  2294k      0  0:00:29  0:00:01  0:00:28 3428k 42 65.6M   42 28.1M    0     0  11.5M      0  0:00:05  0:00:02  0:00:03 14.4M 89 65.6M   89 58.4M    0     0  17.0M      0  0:00:03  0:00:03 --:--:-- 19.8M2019/08/08 00:58:56 pushed blob: sha256:79daebdf72f8c867542f917db888cb3c28fb619f1b2354ef09dfe24dca8afbc1
100 65.6M  100 65.6M    0     0  17.5M      0  0:00:03  0:00:03 --:--:-- 20.0M
[36mINFO[0m[0427] Taking snapshot of full filesystem...        
[36mINFO[0m[0463] Pushing layer gcr.io/jenkinsxio/cache:ee2a07152c7c1d7f45d602e0730e878e01d41db603b0262a85f08a5844712345 to cache now 
2019/08/08 00:59:36 pushed blob: sha256:518b9db85e228b4a205c0a336dcf8b0276ae10bbaad4eaed2d42ccb4866bf1b7
2019/08/08 00:59:37 pushed blob: sha256:9346268e4f7d1ddb612133cc4ad01b5a7c43e47ddb7611ed20275e15b2db0c20
2019/08/08 00:59:37 gcr.io/jenkinsxio/cache:3bbd3c41c2eac5d418417f211e7dd5e1539a1ca3a0d226f17acb4d53665d8c11: digest: sha256:4dbfa7d1b7314b0c3c58c0e8fe7f70511df9b7979e23f37914a2f174c2a39fe8 size: 430
2019/08/08 00:59:44 pushed blob: sha256:a4fd9be6e5f3fc3051f4d8602abedd5570682ad0bfc7801fd58b8c7e03fcb384
2019/08/08 00:59:46 gcr.io/jenkinsxio/cache:ee2a07152c7c1d7f45d602e0730e878e01d41db603b0262a85f08a5844712345: digest: sha256:bff8a270c92fb65c268fc6a5dde49bd7336a1dff8c9dbbd073ae46574a7081c3 size: 429
2019/08/08 00:59:46 existing blob: sha256:b1587e65165c461940963893326da19b2bc15471f6191bfdd9194758cb886aa6
2019/08/08 00:59:46 existing blob: sha256:6d138d81df365a45ab5fcf8e3f3da8357c45afe495207ecd09d2af0eb98505c5
2019/08/08 00:59:46 existing blob: sha256:897e54f35a4b2ed07f22d316f09a9aa9ea68765f226654989a175bb51361e86e
2019/08/08 00:59:46 existing blob: sha256:065e519718393bdd264839cafc4d57eb600832a903765af6d41af5819dd4d160
2019/08/08 00:59:46 existing blob: sha256:6756e87e029cdeb551ccf519eaebcf80e3441dd2bb37ed39b7c2268b4774b10b
2019/08/08 00:59:46 existing blob: sha256:d8c575b2b52888c9ee09cee8dba37cd3b3035555769295d514229d43fbf47d8e
2019/08/08 00:59:46 existing blob: sha256:a99d55345bae39430f75db8c3f6f9dc774baf8d7672bb5c5f5f6be9d7bdf4dae
2019/08/08 00:59:46 existing blob: sha256:8ba884070f611d31cb2c42eddb691319dc9facf5e0ec67672fcfa135181ab3df
2019/08/08 00:59:46 existing blob: sha256:bf9a53bcc9019aae02864e6e43264e06837c7d984b9cf6132aca44a98ba348e6
2019/08/08 00:59:46 existing blob: sha256:a8354d42e6911ab8001edfffa1934a1a9b357d1541f5cecc792b9a4172d76f46
2019/08/08 00:59:46 existing blob: sha256:0e783dbac5f5a0c2d630f3031c0b53c9b96a8ea23c8c626eb60e88558766f7fc
2019/08/08 00:59:46 existing blob: sha256:92ade984df77a2da628fb1374cdf03f767152d12cd5df74465e4bc8bb39edb58
2019/08/08 00:59:46 existing blob: sha256:d773df446b2002f5750748d96b7929546effb66991006aa6fb556a70823be462
2019/08/08 00:59:46 existing blob: sha256:b1c1d1dc3c9b9ab62839f55f0b0da8856c9afa9d6fd1df987a48f582cc28183c
2019/08/08 00:59:46 existing blob: sha256:429b38434357f169ce8a79a4bb39ca386ccf658ae7482b6ff602a86e6191960e
2019/08/08 00:59:46 existing blob: sha256:7c017636a6a609d8d318a4bebb3b6cc13feaf476f6a2ecc83d28e117314d5f6f
2019/08/08 00:59:46 existing blob: sha256:bee0a13648017886c5915ce5dec608f24dbea7b8a1e044c8fb2105ceea408afa
2019/08/08 00:59:46 existing blob: sha256:a4fd9be6e5f3fc3051f4d8602abedd5570682ad0bfc7801fd58b8c7e03fcb384
2019/08/08 00:59:46 existing blob: sha256:cf9e3958d06a3ad26e44d702f64228735d63903a9edc8b0f43d0286342fc0fbd
2019/08/08 00:59:46 existing blob: sha256:e5e2dacee7b09f7927bbd054ec3859e5555a27d569da5193f4cabac285053f9b
2019/08/08 00:59:46 existing blob: sha256:beeb2bddff350965322c530827ce314058a5af7f4f628d9ef9c97dd73e48d016
2019/08/08 00:59:46 existing blob: sha256:2cde0a33cb63aa41a1ab3fbdc3afc787a086314a625c30f7b68bc7ac02c6660e
2019/08/08 00:59:46 existing blob: sha256:b2919518b0ce2fd1a64eb2007c34232d8b60257d80fa45b67b9121e132b4e3db
2019/08/08 00:59:46 existing blob: sha256:7ec2ffb56c90d8cad824dd30eeb4abbbc7321596c47a7dca90095935c3c2b656
2019/08/08 00:59:46 existing blob: sha256:c5a0b7e8f77e1ac8afb62771d8d0325ee0f87791ee6ba486a6c40d4ba1d46125
2019/08/08 00:59:46 existing blob: sha256:5069d699406c01c82af4f4e6147348dc551cb5d39e0d20dd1750bdce5b49c585
2019/08/08 00:59:46 existing blob: sha256:a792e7bf7b54dea6a827d27b81fc3674eef2c0ca65b9ccabb75b887a74bd06d2
2019/08/08 00:59:46 existing blob: sha256:e9bce06a847e3879c73e81411ccb712580ba0dd7b2837f2ac365d19d13487b5d
2019/08/08 00:59:46 existing blob: sha256:ce53723240799b4450ccf6661e55e7277a52d14666b060a129af4125a69ac70e
2019/08/08 00:59:46 existing blob: sha256:518b9db85e228b4a205c0a336dcf8b0276ae10bbaad4eaed2d42ccb4866bf1b7
2019/08/08 00:59:46 existing blob: sha256:b6fba42ef133eece995deb10c314cf8baa51ec1bd7dbea9ab259a5d79dcdfda1
2019/08/08 00:59:46 existing blob: sha256:5470abb626135f17b82fe46ee94962781a8aba7069a4c0b1898182daa4f429e3
2019/08/08 00:59:46 existing blob: sha256:8ba4d28c69c100373c4b96f3da07cbd5b170e0c17989fcc003c29cf28f86e3ae
2019/08/08 00:59:49 pushed blob: sha256:35aaa79e29d1c5395978f7f31a39571d3ecefd005f30019fa779371f8c7f8268
2019/08/08 00:59:49 pushed blob: sha256:5b313f34207a1542c5277f95939d0582d02f3f1a2f3c76fca45535d87aba978e
2019/08/08 00:59:51 gcr.io/jenkinsxio/builder-rust:0.0.0-SNAPSHOT-PR-636-37: digest: sha256:cc7b22626de5e72a249e9c452b0637d0a1caa8e9afd9a2bf814568383b2af73b size: 5853
