Step: build-step-credential-initializer-vhkfq:

{"level":"warn","ts":1565274450.6875322,"logger":"fallback-logger","caller":"logging/config.go:65","msg":"Fetch GitHub commit ID from kodata failed: \"ref: refs/heads/master\" is not a valid GitHub commit ID"}
{"level":"info","ts":1565274450.688013,"logger":"fallback-logger","caller":"creds-init/main.go:40","msg":"Credentials initialized."}
Step: build-step-working-dir-initializer-8lk58:

{"level":"warn","ts":1565274451.9543746,"logger":"fallback-logger","caller":"logging/config.go:65","msg":"Fetch GitHub commit ID from kodata failed: open /var/run/ko/HEAD: no such file or directory"}
{"level":"info","ts":1565274451.9678473,"logger":"fallback-logger","caller":"bash/main.go:65","msg":"Successfully executed command \"mkdir -p /workspace/source\""}
Step: build-step-place-tools:

Step: build-step-git-source-jenkins-x-jenkins-x-builders-pr-v6gdg:

{"level":"warn","ts":1565274454.1613457,"logger":"fallback-logger","caller":"logging/config.go:65","msg":"Fetch GitHub commit ID from kodata failed: \"ref: refs/heads/master\" is not a valid GitHub commit ID"}
{"level":"info","ts":1565274455.6679137,"logger":"fallback-logger","caller":"git/git.go:102","msg":"Successfully cloned https://github.com/jenkins-x/jenkins-x-builders @ 5ae3fadd8385558ff458d2d49172bb8a110cca29 in path /workspace/source"}
Step: build-step-git-merge:

Warning failed to load version: failed to parse version -dev+9e73adc0b: No Major.Minor.Patch elements found
time="2019-08-08T14:27:36Z" level=info msg="got "
Using SHAs from PULL_REFS=master:33216a7a5af05ef0c3f6d3f3a134d9a06755abb7,637:5ae3fadd8385558ff458d2d49172bb8a110cca29
ran git fetch --unshallow origin 5ae3fadd8385558ff458d2d49172bb8a110cca29: 33216a7a5af05ef0c3f6d3f3a134d9a06755abb7: in 
ran git checkout master in 
ran git reset --hard 33216a7a5af05ef0c3f6d3f3a134d9a06755abb7 in 
ran clean --force -d . in 
ran git merge 5ae3fadd8385558ff458d2d49172bb8a110cca29 in 
Step: build-step-step2:

updating builder-maven-java11
/workspace/source/builder-maven-java11 /workspace/source
FROM gcr.io/jenkinsxio/builder-base:0.0.44
/workspace/source
updating builder-maven-nodejs
/workspace/source/builder-maven-nodejs /workspace/source
FROM gcr.io/jenkinsxio/builder-base:0.0.44
/workspace/source
updating builder-go
/workspace/source/builder-go /workspace/source
FROM gcr.io/jenkinsxio/builder-base:0.0.44
/workspace/source
updating builder-go-maven
/workspace/source/builder-go-maven /workspace/source
FROM gcr.io/jenkinsxio/builder-base:0.0.44
/workspace/source
updating builder-terraform
/workspace/source/builder-terraform /workspace/source
FROM gcr.io/jenkinsxio/builder-base:0.0.44
/workspace/source
Step: build-step-step3:

/builder/home/kaniko-secret.json
Step: build-step-warm-cache:

Step: build-step-build-and-push-ruby:

[36mINFO[0m[0000] Downloading base image gcr.io/jenkinsxio/builder-rubybase:0.0.45 
[36mINFO[0m[0000] Found sha256:68ea9a962e92314d002e439813ded44bb6a3cafb45ed630f976cbb92d4773b4b in local cache 
[36mINFO[0m[0000] Found manifest at /workspace/sha256:68ea9a962e92314d002e439813ded44bb6a3cafb45ed630f976cbb92d4773b4b.json 
[36mINFO[0m[0000] Checking for cached layer gcr.io/jenkinsxio/cache:f7b4b3950f1cc740a82c2b6ebb8b194af81d3995f03efad741dd9b12d84f7074... 
[36mINFO[0m[0001] Using caching version of cmd: RUN curl -f -L https://github.com/jenkins-x/**/releases/download/v${JX_VERSION}/**-linux-amd64.tar.gz | tar xzv &&   mv ** /usr/bin/ 
[36mINFO[0m[0001] Skipping unpacking as no commands require it. 
[36mINFO[0m[0001] Taking snapshot of full filesystem...        
[36mINFO[0m[0355] ENV JX_VERSION 2.0.571                       
[36mINFO[0m[0355] No files changed in this command, skipping snapshotting. 
[36mINFO[0m[0355] RUN curl -f -L https://github.com/jenkins-x/**/releases/download/v${JX_VERSION}/**-linux-amd64.tar.gz | tar xzv &&   mv ** /usr/bin/ 
[36mINFO[0m[0355] Found cached layer, extracting to filesystem 
[36mINFO[0m[0374] Taking snapshot of files...                  
2019/08/08 14:38:40 existing blob: sha256:bc9ab73e5b14b9fbd3687a4d8c1f1360533d6ee9ffc3f5ecc6630794b40257b7
2019/08/08 14:38:40 existing blob: sha256:4189ef76b32d1ef6520f2bebe686c27aa5fc7f38e21953ccb1cbbbfbab89b4a1
2019/08/08 14:38:40 existing blob: sha256:380e2049619257332988d1d9fa7cf39539f328dec43df5eadddf985efa9d5b70
2019/08/08 14:38:40 existing blob: sha256:0141ed72a9086f88844b12693debd7da3920c3f3de2d5082c95fc063ff401181
2019/08/08 14:38:40 existing blob: sha256:232232af6ec6eec72491c0c9489f86dfdf41f841b950d45a382079ee38716a66
2019/08/08 14:38:40 existing blob: sha256:e5c3f8c317dc30af45021092a3d76f16ba7aa1ee5f18fec742c84d4960818580
2019/08/08 14:38:40 existing blob: sha256:b260fc47d21d0a4c3b90c054d2d5353a737ac7bbc318eeebca645ba2a453f885
2019/08/08 14:38:40 existing blob: sha256:934b06fa8cfa289eaad6c8ddc6f3f02e0083a09efcc091c6d07fae8d469dbb62
2019/08/08 14:38:40 existing blob: sha256:4364de23977f05aa0d9c1428ea0c951124d9f8fd47f38284d1b433c667c6603a
2019/08/08 14:38:40 existing blob: sha256:65b45673f4373a9a3c307350a372ac8db0d05a996d90a733612fb8e8d91a6111
2019/08/08 14:38:40 existing blob: sha256:c57b3995d9e150bed3d13f46a2ba1aa43b6f9d0621b3de76f6d3a8a1af50e3ab
2019/08/08 14:38:40 existing blob: sha256:38fecbcd9c18a2110608dd5af4ab05dd3d355eae3ea6c291f88ca9168016cb03
2019/08/08 14:38:40 existing blob: sha256:a2a7264255929d31586b2389e52c0939bdd2f627b72e6aca55ff169108589524
2019/08/08 14:38:40 existing blob: sha256:26c7c50954cdde3f0c07bba6f7380f8cc54a41341bcdd2e7a0921f241eb5e41b
2019/08/08 14:38:40 existing blob: sha256:6a20895ca01c046a03b74a81de66b0d4cf7c4cc44b338855e425f4f60d9d0be4
2019/08/08 14:38:40 existing blob: sha256:a587a86c9dcb9df6584180042becf21e36ecd8b460a761711227b4b06889a005
2019/08/08 14:38:40 existing blob: sha256:61867ca3bdaae8ffefd96eaa67fad1222e48b93ba875c10ebaee772a59843b8f
2019/08/08 14:38:40 existing blob: sha256:72744d0a318b0788001cc4f5f83c6847ba4b753307fadd046b508bbc41eb9e29
2019/08/08 14:38:40 existing blob: sha256:9b2061e162632d77a25776356dbd31558543644cc1cf8a83515cb3aa3b270480
2019/08/08 14:38:40 existing blob: sha256:74ae596dcbf434e7d3c4e4fb61f0770a591b44555d890967df9fb48d2784d660
2019/08/08 14:38:40 existing blob: sha256:31d57ef7a684bffc0decadb0c268cf3c9b582271caab5565148ed4a87d7c4167
2019/08/08 14:38:40 existing blob: sha256:4f2f2375eda7fcb98cd22858eb3008c610add3f9d1e993ccec0d32b5b0d9c825
2019/08/08 14:38:40 existing blob: sha256:86743d0a4e7d9d868c585fde4d41099f044f4f9f75850b9e6fa2be04b6151b6b
2019/08/08 14:38:40 existing blob: sha256:fb15cc90504fedd5136d7cbbc0cdd7f061e04c46f5a3bde691cbab3ae5a21a4f
2019/08/08 14:38:40 existing blob: sha256:33f55007e352482f079f1dbbf511a632c16e40e6b2b291f20fedc7a6bd84d7e5
2019/08/08 14:38:40 existing blob: sha256:75ae3c3502dfe7f8c63737ff5761cae5319bfd2b2729061c2d771f38c6a5e36f
2019/08/08 14:38:40 existing blob: sha256:15aae1fd4c8dd5cb295e732f9a15ee9e7829448cea52331b0c9577cbdc0f701e
2019/08/08 14:38:40 existing blob: sha256:193a6306c92af328dbd41bbbd3200a2c90802624cccfe5725223324428110d7f
2019/08/08 14:38:40 existing blob: sha256:f7fc55f768eaf9aff651865fce65dc0484b90f0849bd368a210ae5eb6cf1b64a
2019/08/08 14:38:40 existing blob: sha256:242245e0f8a525dda51325ad307194306db015974aa166e876c1170760bdd0d2
2019/08/08 14:38:40 existing blob: sha256:04213678e91c62a8bb16267a8e3a3cb00dc885782179388b40fe6532341530c7
2019/08/08 14:38:43 pushed blob: sha256:d56e51c253d01d176eae7463b5f4f024eaa35e0d9c677c5d3ef11366d26e8869
2019/08/08 14:38:52 pushed blob: sha256:18809e934413afa16c7f8e24c1b9d066427fcbe32d8b1c0df278ac88080952d4
2019/08/08 14:38:54 gcr.io/jenkinsxio/builder-ruby:0.0.0-SNAPSHOT-PR-637-40: digest: sha256:fdc6f0d84519d7a66c0605bb79112a75d95bacf249fbab79372eaaf4bf431c2f size: 5515
Step: build-step-build-and-push-rust:

[36mINFO[0m[0000] Downloading base image gcr.io/jenkinsxio/builder-base:0.0.45 
[36mINFO[0m[0000] Found sha256:4b5edd0093e2154c3b8e56247f72b0c50f931fb7c559a7e267bfcc9fa202e8ee in local cache 
[36mINFO[0m[0001] Found manifest at /workspace/sha256:4b5edd0093e2154c3b8e56247f72b0c50f931fb7c559a7e267bfcc9fa202e8ee.json 
[36mINFO[0m[0001] Checking for cached layer gcr.io/jenkinsxio/cache:a55f25104a7174cceddfd9348c92b4ca953742db06d7f0fee606617485f2f851... 
[36mINFO[0m[0001] Using caching version of cmd: RUN yum install -y gcc && yum clean all 
[36mINFO[0m[0001] Checking for cached layer gcr.io/jenkinsxio/cache:93d7a7c85d68365404f04c9f7ddf187044ea370b050d0180209ae3dda53207f2... 
[36mINFO[0m[0002] Using caching version of cmd: RUN wget https://static.rust-lang.org/rustup/dist/x86_64-unknown-linux-gnu/rustup-init &&   chmod +x rustup-init &&  ./rustup-init -y &&  rm -rf rustup-init 
[36mINFO[0m[0002] Checking for cached layer gcr.io/jenkinsxio/cache:3bbd3c41c2eac5d418417f211e7dd5e1539a1ca3a0d226f17acb4d53665d8c11... 
[36mINFO[0m[0003] Using caching version of cmd: RUN rustup override set nightly 
[36mINFO[0m[0003] Checking for cached layer gcr.io/jenkinsxio/cache:7181fdcc21d0132b1dd018e4c1f9621604b4cfd0425c76f67daec6d54836cdb3... 
[36mINFO[0m[0003] No cached layer found for cmd RUN curl -f -L https://github.com/jenkins-x/**/releases/download/v${JX_VERSION}/**-linux-amd64.tar.gz | tar xzv &&   mv ** /usr/bin/ 
[36mINFO[0m[0003] Unpacking rootfs as cmd RUN curl -f -L https://github.com/jenkins-x/**/releases/download/v${JX_VERSION}/**-linux-amd64.tar.gz | tar xzv &&   mv ** /usr/bin/ requires it. 
[36mINFO[0m[0148] Taking snapshot of full filesystem...        
[36mINFO[0m[0188] RUN yum install -y gcc && yum clean all      
[36mINFO[0m[0188] Found cached layer, extracting to filesystem 
[36mINFO[0m[0188] Taking snapshot of files...                  
[36mINFO[0m[0188] RUN wget https://static.rust-lang.org/rustup/dist/x86_64-unknown-linux-gnu/rustup-init &&   chmod +x rustup-init &&  ./rustup-init -y &&  rm -rf rustup-init 
[36mINFO[0m[0188] Found cached layer, extracting to filesystem 
[36mINFO[0m[0214] Taking snapshot of files...                  
[36mINFO[0m[0242] ENV PATH=$PATH:/root/.cargo/bin              
[36mINFO[0m[0243] No files changed in this command, skipping snapshotting. 
[36mINFO[0m[0243] RUN rustup override set nightly              
[36mINFO[0m[0243] Found cached layer, extracting to filesystem 
LICENSE
README.md
changelog.md
**
[36mINFO[0m[0321] Taking snapshot of files...                  
[36mINFO[0m[0373] ENV JX_VERSION 2.0.571                       
[36mINFO[0m[0373] No files changed in this command, skipping snapshotting. 
[36mINFO[0m[0373] RUN curl -f -L https://github.com/jenkins-x/**/releases/download/v${JX_VERSION}/**-linux-amd64.tar.gz | tar xzv &&   mv ** /usr/bin/ 
[36mINFO[0m[0373] cmd: /bin/sh                                 
[36mINFO[0m[0373] args: [-c curl -f -L https://github.com/jenkins-x/**/releases/download/v${JX_VERSION}/**-linux-amd64.tar.gz | tar xzv &&   mv ** /usr/bin/] 
  % Total    % Received % Xferd  Average Speed   Time    Time     Time  Current
                                 Dload  Upload   Total   Spent    Left  Speed
  0     0    0     0    0     0      0      0 --:--:-- --:--:-- --:--:--     0  0     0    0     0    0     0      0      0 --:--:-- --:--:-- --:--:--     0100   612    0   612    0     0    960      0 --:--:-- --:--:-- --:--:--   959
  0 65.6M    0  270k    0     0   186k      0  0:06:00  0:00:01  0:05:59  186k 29 65.6M   29 19.4M    0     0  8287k      0  0:00:08  0:00:02  0:00:06 20.0M 68 65.6M   68 44.7M    0     0  12.9M      0  0:00:05  0:00:03  0:00:02 22.2M100 65.6M  100 65.6M    0     0  15.3M      0  0:00:04  0:00:04 --:--:-- 23.0M
[36mINFO[0m[0377] Taking snapshot of full filesystem...        
[36mINFO[0m[0518] Adding whiteout for /var/cache/yum/x86_64/7/epel/d97ad2922a45eb2a5fc007fdd84e7ae4981b257d3b94c3c9f5d7b0dda6baa098-comps-Everything.x86_64.xml.gz 
[36mINFO[0m[0518] Adding whiteout for /var/cache/yum/x86_64/7/extras/mirrorlist.txt 
[36mINFO[0m[0518] Adding whiteout for /var/cache/yum/x86_64/7/epel/5bcd966a5e87d03e75963c79096fb0e5d5ad89a705a9f220c998fea556d32255-updateinfo.xml.bz2 
[36mINFO[0m[0518] Adding whiteout for /var/cache/yum/x86_64/7/extras/repomd.xml 
[36mINFO[0m[0518] Adding whiteout for /var/cache/yum/x86_64/7/epel/d2d16b74b98b26292868d49413181da81c791150ce460be98bcf0628f3005bc7-updateinfo.xml.bz2 
[36mINFO[0m[0518] Adding whiteout for /var/cache/yum/x86_64/7/updates/gen/primary_db.sqlite 
[36mINFO[0m[0518] Adding whiteout for /var/cache/yum/x86_64/7/epel/metalink.xml 
[36mINFO[0m[0518] Adding whiteout for /var/cache/yum/x86_64/7/base/gen/comps.xml 
[36mINFO[0m[0518] Adding whiteout for /var/cache/yum/x86_64/7/updates/cachecookie 
[36mINFO[0m[0518] Adding whiteout for /var/cache/yum/x86_64/7/updates/repomd.xml 
[36mINFO[0m[0518] Adding whiteout for /var/cache/yum/x86_64/7/updates/7303cbcc9806f8d266e12f27067a972b40e736f13800129e79d035fdd8883df6-primary.sqlite.bz2 
[36mINFO[0m[0518] Adding whiteout for /var/lib/yum/rpmdb-indexes/file-requires 
[36mINFO[0m[0518] Adding whiteout for /var/cache/yum/x86_64/7/updates/gen/filelists_db.sqlite 
[36mINFO[0m[0518] Adding whiteout for /var/cache/yum/x86_64/7/epel/repomd.xml 
[36mINFO[0m[0518] Adding whiteout for /var/lib/yum/rpmdb-indexes/pkgtups-checksums 
[36mINFO[0m[0518] Adding whiteout for /var/lib/yum/rpmdb-indexes/version 
[36mINFO[0m[0518] Adding whiteout for /var/cache/yum/x86_64/7/base/mirrorlist.txt 
[36mINFO[0m[0518] Adding whiteout for /var/cache/yum/x86_64/7/google-chrome/gen/primary.xml.sqlite 
[36mINFO[0m[0518] Adding whiteout for /var/cache/yum/x86_64/7/extras/cachecookie 
[36mINFO[0m[0518] Adding whiteout for /var/cache/yum/x86_64/7/extras/8040035f545d88fec517382949ce96902ed4ef232874e68bdf2ffdbcf2c6c2ec-primary.sqlite.bz2 
[36mINFO[0m[0518] Adding whiteout for /var/cache/yum/x86_64/7/base/gen/primary_db.sqlite 
[36mINFO[0m[0518] Adding whiteout for /var/cache/yum/x86_64/7/base/repomd.xml 
[36mINFO[0m[0518] Adding whiteout for /var/cache/yum/x86_64/7/updates/2c2cf8e196fcaafe88087e86175911120578086d4648cb8260fbffc9326e2bcb-filelists.sqlite.bz2 
[36mINFO[0m[0518] Adding whiteout for /var/cache/yum/x86_64/7/updates/c317d43ffabba63436dd2fd246cd83fb0fef9cce712f8b67ef371e29e81aef4a-primary.sqlite.bz2 
[36mINFO[0m[0518] Adding whiteout for /var/cache/yum/x86_64/7/base/gen/filelists_db.sqlite 
[36mINFO[0m[0518] Adding whiteout for /var/cache/yum/x86_64/7/base/6614b3605d961a4aaec45d74ac4e5e713e517debb3ee454a1c91097955780697-primary.sqlite.bz2 
[36mINFO[0m[0518] Adding whiteout for /var/lib/yum/rpmdb-indexes/obsoletes 
[36mINFO[0m[0518] Adding whiteout for /var/cache/yum/x86_64/7/google-chrome/repomd.xml 
[36mINFO[0m[0518] Adding whiteout for /var/cache/yum/x86_64/7/base/a0ec5a4708a1026db100d4799c404c9ed48a9371a4bab234a1355f86628a244a-filelists.sqlite.bz2 
[36mINFO[0m[0518] Adding whiteout for /var/cache/yum/x86_64/7/google-chrome/primary.xml.gz 
[36mINFO[0m[0518] Adding whiteout for /var/cache/yum/x86_64/7/epel/gen/primary_db.sqlite 
[36mINFO[0m[0518] Adding whiteout for /var/cache/yum/x86_64/7/epel/cachecookie 
[36mINFO[0m[0518] Adding whiteout for /var/cache/yum/x86_64/7/updates/mirrorlist.txt 
[36mINFO[0m[0518] Adding whiteout for /var/lib/yum/rpmdb-indexes/conflicts 
[36mINFO[0m[0518] Adding whiteout for /var/cache/yum/x86_64/7/timedhosts.txt 
[36mINFO[0m[0518] Adding whiteout for /var/cache/yum/x86_64/7/epel/90a58610660455abd8f6aa587347a572e9ebc7bf949fd777fd9358d3d7c0b481-primary.sqlite.bz2 
[36mINFO[0m[0518] Adding whiteout for /var/cache/yum/x86_64/7/base/bc140c8149fc43a5248fccff0daeef38182e49f6fe75d9b46db1206dc25a6c1c-c7-x86_64-comps.xml.gz 
[36mINFO[0m[0518] Adding whiteout for /var/cache/yum/x86_64/7/base/cachecookie 
[36mINFO[0m[0518] Adding whiteout for /var/cache/yum/x86_64/7/extras/gen/primary_db.sqlite 
[36mINFO[0m[0518] Adding whiteout for /var/cache/yum/x86_64/7/epel/gen/comps.xml 
[36mINFO[0m[0518] Adding whiteout for /var/cache/yum/x86_64/7/google-chrome/cachecookie 
[36mINFO[0m[0518] Adding whiteout for /var/cache/yum/x86_64/7/epel/67524caa6631e887a5ec38e3facaaa685101876958e16bcb69c6e7a5f77aa607-primary.sqlite.bz2 
[36mINFO[0m[0518] Adding whiteout for /var/cache/yum/x86_64/7/google-chrome/gen/primary.xml 
[36mINFO[0m[0560] Pushing layer gcr.io/jenkinsxio/cache:7181fdcc21d0132b1dd018e4c1f9621604b4cfd0425c76f67daec6d54836cdb3 to cache now 
2019/08/08 14:48:18 pushed blob: sha256:765609a41570022856da76b148c12f5f3a5d2552f9143947ad2cfdb22b495f96
2019/08/08 14:48:26 pushed blob: sha256:3062c3beb8134bb77a97196a53db9fbd45d5af59f058e9678d5d698dc435d96e
2019/08/08 14:48:28 gcr.io/jenkinsxio/cache:7181fdcc21d0132b1dd018e4c1f9621604b4cfd0425c76f67daec6d54836cdb3: digest: sha256:9f3cb97d2363928ea286212f986fdb416ffe554ebfcf890d4925e6713dfd24df size: 429
2019/08/08 14:48:28 existing blob: sha256:7c017636a6a609d8d318a4bebb3b6cc13feaf476f6a2ecc83d28e117314d5f6f
2019/08/08 14:48:28 existing blob: sha256:d8c575b2b52888c9ee09cee8dba37cd3b3035555769295d514229d43fbf47d8e
2019/08/08 14:48:28 existing blob: sha256:8ba4d28c69c100373c4b96f3da07cbd5b170e0c17989fcc003c29cf28f86e3ae
2019/08/08 14:48:28 existing blob: sha256:b1c1d1dc3c9b9ab62839f55f0b0da8856c9afa9d6fd1df987a48f582cc28183c
2019/08/08 14:48:28 existing blob: sha256:bf9a53bcc9019aae02864e6e43264e06837c7d984b9cf6132aca44a98ba348e6
2019/08/08 14:48:28 existing blob: sha256:6d138d81df365a45ab5fcf8e3f3da8357c45afe495207ecd09d2af0eb98505c5
2019/08/08 14:48:28 existing blob: sha256:bee0a13648017886c5915ce5dec608f24dbea7b8a1e044c8fb2105ceea408afa
2019/08/08 14:48:28 existing blob: sha256:c5a0b7e8f77e1ac8afb62771d8d0325ee0f87791ee6ba486a6c40d4ba1d46125
2019/08/08 14:48:28 existing blob: sha256:8ba884070f611d31cb2c42eddb691319dc9facf5e0ec67672fcfa135181ab3df
2019/08/08 14:48:28 existing blob: sha256:e9bce06a847e3879c73e81411ccb712580ba0dd7b2837f2ac365d19d13487b5d
2019/08/08 14:48:28 existing blob: sha256:065e519718393bdd264839cafc4d57eb600832a903765af6d41af5819dd4d160
2019/08/08 14:48:28 existing blob: sha256:e5e2dacee7b09f7927bbd054ec3859e5555a27d569da5193f4cabac285053f9b
2019/08/08 14:48:28 existing blob: sha256:3062c3beb8134bb77a97196a53db9fbd45d5af59f058e9678d5d698dc435d96e
2019/08/08 14:48:28 existing blob: sha256:2cde0a33cb63aa41a1ab3fbdc3afc787a086314a625c30f7b68bc7ac02c6660e
2019/08/08 14:48:28 existing blob: sha256:b2919518b0ce2fd1a64eb2007c34232d8b60257d80fa45b67b9121e132b4e3db
2019/08/08 14:48:28 existing blob: sha256:897e54f35a4b2ed07f22d316f09a9aa9ea68765f226654989a175bb51361e86e
2019/08/08 14:48:28 existing blob: sha256:b6fba42ef133eece995deb10c314cf8baa51ec1bd7dbea9ab259a5d79dcdfda1
2019/08/08 14:48:28 existing blob: sha256:b1587e65165c461940963893326da19b2bc15471f6191bfdd9194758cb886aa6
2019/08/08 14:48:28 existing blob: sha256:cf9e3958d06a3ad26e44d702f64228735d63903a9edc8b0f43d0286342fc0fbd
2019/08/08 14:48:28 existing blob: sha256:d773df446b2002f5750748d96b7929546effb66991006aa6fb556a70823be462
2019/08/08 14:48:28 existing blob: sha256:a99d55345bae39430f75db8c3f6f9dc774baf8d7672bb5c5f5f6be9d7bdf4dae
2019/08/08 14:48:28 existing blob: sha256:a8354d42e6911ab8001edfffa1934a1a9b357d1541f5cecc792b9a4172d76f46
2019/08/08 14:48:28 existing blob: sha256:6756e87e029cdeb551ccf519eaebcf80e3441dd2bb37ed39b7c2268b4774b10b
2019/08/08 14:48:28 existing blob: sha256:ce53723240799b4450ccf6661e55e7277a52d14666b060a129af4125a69ac70e
2019/08/08 14:48:28 existing blob: sha256:92ade984df77a2da628fb1374cdf03f767152d12cd5df74465e4bc8bb39edb58
2019/08/08 14:48:28 existing blob: sha256:429b38434357f169ce8a79a4bb39ca386ccf658ae7482b6ff602a86e6191960e
2019/08/08 14:48:28 existing blob: sha256:beeb2bddff350965322c530827ce314058a5af7f4f628d9ef9c97dd73e48d016
2019/08/08 14:48:28 existing blob: sha256:5470abb626135f17b82fe46ee94962781a8aba7069a4c0b1898182daa4f429e3
2019/08/08 14:48:28 existing blob: sha256:a792e7bf7b54dea6a827d27b81fc3674eef2c0ca65b9ccabb75b887a74bd06d2
2019/08/08 14:48:28 existing blob: sha256:5069d699406c01c82af4f4e6147348dc551cb5d39e0d20dd1750bdce5b49c585
2019/08/08 14:48:28 existing blob: sha256:7ec2ffb56c90d8cad824dd30eeb4abbbc7321596c47a7dca90095935c3c2b656
2019/08/08 14:48:31 pushed blob: sha256:4e713d6a138ab4cb51723966460786cc7b0ecd069ca154bf642739b8cc80d185
2019/08/08 14:48:32 pushed blob: sha256:9db5766bdc71ef48e1b7f7c612b4abeebd78b7b5467d779d17c7cf72375195d1
2019/08/08 14:49:25 pushed blob: sha256:c531e91c45b7db269a289c529821658ab3270cae06fcbaf5541c15d267612c6b
2019/08/08 14:49:30 pushed blob: sha256:71c74925a302a6919d88babb4197bfff2d0730d4c413fd60dcee13923dfe1086
2019/08/08 14:49:31 gcr.io/jenkinsxio/builder-rust:0.0.0-SNAPSHOT-PR-637-40: digest: sha256:846d590666abd05f1337190336ed783ac6f76cb7a68d2e7e6a033c20a6ac9432 size: 5853
