Step: build-step-credential-initializer:

Step: build-step-git-source:

Step: build-step-jenkins:

Picked up _JAVA_OPTIONS: -Xmx2048m
Started
Running in Durability level: PERFORMANCE_OPTIMIZED
  24.934 [id=28]	WARNING	i.f.k.c.i.VersionUsageUtils#alert: The client is using resource type 'customresourcedefinitions' with unstable version 'v1beta1'
[Pipeline] node
Running on Jenkins in /tmp/jenkinsTests.tmp/jenkins6507068167309139432test/workspace/job
[Pipeline] {
[Pipeline] stage
[Pipeline] { (Declarative: Checkout SCM)
  50.952 [id=68]	WARNING	o.j.plugins.workflow.cps.DSL#invokeStep: Error storing the arguments for step: checkout
org.kohsuke.stapler.NoStaplerConstructorException: There's no @DataBoundConstructor on any constructor of class io.jenkins.jenkinsfile.runner.FileSystemSCM
	at org.kohsuke.stapler.ClassDescriptor.loadConstructorParamNames(ClassDescriptor.java:265)
	at org.jenkinsci.plugins.structs.describable.DescribableModel.<init>(DescribableModel.java:144)
	at org.jenkinsci.plugins.structs.describable.DescribableModel.of(DescribableModel.java:114)
	at org.jenkinsci.plugins.workflow.cps.actions.ArgumentsActionImpl.sanitizeObjectAndRecordMutation(ArgumentsActionImpl.java:294)
	at org.jenkinsci.plugins.workflow.cps.actions.ArgumentsActionImpl.sanitizeMapAndRecordMutation(ArgumentsActionImpl.java:386)
	at org.jenkinsci.plugins.workflow.cps.actions.ArgumentsActionImpl.<init>(ArgumentsActionImpl.java:74)
	at org.jenkinsci.plugins.workflow.cps.DSL.invokeStep(DSL.java:245)
	at org.jenkinsci.plugins.workflow.cps.DSL.invokeMethod(DSL.java:178)
	at org.jenkinsci.plugins.workflow.cps.CpsScript.invokeMethod(CpsScript.java:122)
	at org.codehaus.groovy.runtime.callsite.PogoMetaClassSite.call(PogoMetaClassSite.java:48)
	at org.codehaus.groovy.runtime.callsite.CallSiteArray.defaultCall(CallSiteArray.java:48)
	at org.codehaus.groovy.runtime.callsite.AbstractCallSite.call(AbstractCallSite.java:113)
	at com.cloudbees.groovy.cps.sandbox.DefaultInvoker.methodCall(DefaultInvoker.java:20)
	at com.cloudbees.groovy.cps.impl.ContinuationGroup.methodCall(ContinuationGroup.java:57)
	at com.cloudbees.groovy.cps.impl.FunctionCallBlock$ContinuationImpl.dispatchOrArg(FunctionCallBlock.java:109)
	at com.cloudbees.groovy.cps.impl.FunctionCallBlock$ContinuationImpl.fixArg(FunctionCallBlock.java:82)
	at sun.reflect.GeneratedMethodAccessor161.invoke(Unknown Source)
	at sun.reflect.DelegatingMethodAccessorImpl.invoke(DelegatingMethodAccessorImpl.java:43)
	at java.lang.reflect.Method.invoke(Method.java:498)
	at com.cloudbees.groovy.cps.impl.ContinuationPtr$ContinuationImpl.receive(ContinuationPtr.java:72)
	at com.cloudbees.groovy.cps.impl.PropertyishBlock$ContinuationImpl.get(PropertyishBlock.java:76)
	at com.cloudbees.groovy.cps.LValueBlock$GetAdapter.receive(LValueBlock.java:30)
	at com.cloudbees.groovy.cps.impl.PropertyishBlock$ContinuationImpl.fixName(PropertyishBlock.java:66)
	at sun.reflect.GeneratedMethodAccessor166.invoke(Unknown Source)
	at sun.reflect.DelegatingMethodAccessorImpl.invoke(DelegatingMethodAccessorImpl.java:43)
	at java.lang.reflect.Method.invoke(Method.java:498)
	at com.cloudbees.groovy.cps.impl.ContinuationPtr$ContinuationImpl.receive(ContinuationPtr.java:72)
	at com.cloudbees.groovy.cps.impl.ConstantBlock.eval(ConstantBlock.java:21)
	at com.cloudbees.groovy.cps.Next.step(Next.java:83)
	at com.cloudbees.groovy.cps.Continuable$1.call(Continuable.java:174)
	at com.cloudbees.groovy.cps.Continuable$1.call(Continuable.java:163)
	at org.codehaus.groovy.runtime.GroovyCategorySupport$ThreadCategoryInfo.use(GroovyCategorySupport.java:129)
	at org.codehaus.groovy.runtime.GroovyCategorySupport.use(GroovyCategorySupport.java:268)
	at com.cloudbees.groovy.cps.Continuable.run0(Continuable.java:163)
	at org.jenkinsci.plugins.workflow.cps.SandboxContinuable.access$101(SandboxContinuable.java:34)
	at org.jenkinsci.plugins.workflow.cps.SandboxContinuable.lambda$run0$0(SandboxContinuable.java:59)
	at org.jenkinsci.plugins.scriptsecurity.sandbox.groovy.GroovySandbox.runInSandbox(GroovySandbox.java:108)
	at org.jenkinsci.plugins.workflow.cps.SandboxContinuable.run0(SandboxContinuable.java:58)
	at org.jenkinsci.plugins.workflow.cps.CpsThread.runNextChunk(CpsThread.java:182)
	at org.jenkinsci.plugins.workflow.cps.CpsThreadGroup.run(CpsThreadGroup.java:332)
	at org.jenkinsci.plugins.workflow.cps.CpsThreadGroup.access$200(CpsThreadGroup.java:83)
	at org.jenkinsci.plugins.workflow.cps.CpsThreadGroup$2.call(CpsThreadGroup.java:244)
	at org.jenkinsci.plugins.workflow.cps.CpsThreadGroup$2.call(CpsThreadGroup.java:232)
	at org.jenkinsci.plugins.workflow.cps.CpsVmExecutorService$2.call(CpsVmExecutorService.java:64)
	at java.util.concurrent.FutureTask.run(FutureTask.java:266)
	at hudson.remoting.SingleLaneExecutorService$1.run(SingleLaneExecutorService.java:131)
	at jenkins.util.ContextResettingExecutorService$1.run(ContextResettingExecutorService.java:28)
	at jenkins.security.ImpersonatingExecutorService$1.run(ImpersonatingExecutorService.java:59)
	at java.util.concurrent.Executors$RunnableAdapter.call(Executors.java:511)
	at java.util.concurrent.FutureTask.run(FutureTask.java:266)
	at java.util.concurrent.ThreadPoolExecutor.runWorker(ThreadPoolExecutor.java:1149)
	at java.util.concurrent.ThreadPoolExecutor$Worker.run(ThreadPoolExecutor.java:624)
	at java.lang.Thread.run(Thread.java:748)
[Pipeline] checkout
[Pipeline] }
[Pipeline] // stage
[Pipeline] withEnv
[Pipeline] {
[Pipeline] stage
[Pipeline] { (CI Build and Test)
[Pipeline] echo
CI build is using docker registry: docker.io env: docker.io from JOB_NAME: job with CD_RELEASE_JOB_NAME: cloudbees/core-backend
[Pipeline] dir
Running in /home/jenkins/go/src/github.com/cloudbees/core-backend
[Pipeline] {
  53.834 [id=42]	WARNING	o.j.plugins.workflow.cps.DSL#invokeStep: Error storing the arguments for step: checkout
org.kohsuke.stapler.NoStaplerConstructorException: There's no @DataBoundConstructor on any constructor of class io.jenkins.jenkinsfile.runner.FileSystemSCM
	at org.kohsuke.stapler.ClassDescriptor.loadConstructorParamNames(ClassDescriptor.java:265)
	at org.jenkinsci.plugins.structs.describable.DescribableModel.<init>(DescribableModel.java:144)
	at org.jenkinsci.plugins.structs.describable.DescribableModel.of(DescribableModel.java:114)
	at org.jenkinsci.plugins.workflow.cps.actions.ArgumentsActionImpl.sanitizeObjectAndRecordMutation(ArgumentsActionImpl.java:294)
	at org.jenkinsci.plugins.workflow.cps.actions.ArgumentsActionImpl.sanitizeMapAndRecordMutation(ArgumentsActionImpl.java:386)
	at org.jenkinsci.plugins.workflow.cps.actions.ArgumentsActionImpl.<init>(ArgumentsActionImpl.java:74)
	at org.jenkinsci.plugins.workflow.cps.DSL.invokeStep(DSL.java:245)
	at org.jenkinsci.plugins.workflow.cps.DSL.invokeMethod(DSL.java:178)
	at org.jenkinsci.plugins.workflow.cps.CpsScript.invokeMethod(CpsScript.java:122)
	at sun.reflect.NativeMethodAccessorImpl.invoke0(Native Method)
	at sun.reflect.NativeMethodAccessorImpl.invoke(NativeMethodAccessorImpl.java:62)
	at sun.reflect.DelegatingMethodAccessorImpl.invoke(DelegatingMethodAccessorImpl.java:43)
	at java.lang.reflect.Method.invoke(Method.java:498)
	at org.codehaus.groovy.reflection.CachedMethod.invoke(CachedMethod.java:93)
	at groovy.lang.MetaMethod.doMethodInvoke(MetaMethod.java:325)
	at groovy.lang.MetaClassImpl.invokeMethod(MetaClassImpl.java:1213)
	at groovy.lang.MetaClassImpl.invokeMethod(MetaClassImpl.java:1022)
	at org.codehaus.groovy.runtime.callsite.PogoMetaClassSite.call(PogoMetaClassSite.java:42)
	at org.codehaus.groovy.runtime.callsite.CallSiteArray.defaultCall(CallSiteArray.java:48)
	at org.codehaus.groovy.runtime.callsite.AbstractCallSite.call(AbstractCallSite.java:113)
	at org.kohsuke.groovy.sandbox.impl.Checker$1.call(Checker.java:157)
	at org.kohsuke.groovy.sandbox.GroovyInterceptor.onMethodCall(GroovyInterceptor.java:23)
	at org.jenkinsci.plugins.scriptsecurity.sandbox.groovy.SandboxInterceptor.onMethodCall(SandboxInterceptor.java:155)
	at org.kohsuke.groovy.sandbox.impl.Checker$1.call(Checker.java:155)
	at org.kohsuke.groovy.sandbox.impl.Checker.checkedCall(Checker.java:159)
	at org.kohsuke.groovy.sandbox.impl.Checker.checkedCall(Checker.java:129)
	at org.kohsuke.groovy.sandbox.impl.Checker.checkedCall(Checker.java:129)
	at com.cloudbees.groovy.cps.sandbox.SandboxInvoker.methodCall(SandboxInvoker.java:17)
	at com.cloudbees.groovy.cps.impl.ContinuationGroup.methodCall(ContinuationGroup.java:57)
	at com.cloudbees.groovy.cps.impl.FunctionCallBlock$ContinuationImpl.dispatchOrArg(FunctionCallBlock.java:109)
	at com.cloudbees.groovy.cps.impl.FunctionCallBlock$ContinuationImpl.fixArg(FunctionCallBlock.java:82)
	at sun.reflect.GeneratedMethodAccessor161.invoke(Unknown Source)
	at sun.reflect.DelegatingMethodAccessorImpl.invoke(DelegatingMethodAccessorImpl.java:43)
	at java.lang.reflect.Method.invoke(Method.java:498)
	at com.cloudbees.groovy.cps.impl.ContinuationPtr$ContinuationImpl.receive(ContinuationPtr.java:72)
	at com.cloudbees.groovy.cps.impl.PropertyishBlock$ContinuationImpl.get(PropertyishBlock.java:76)
	at com.cloudbees.groovy.cps.LValueBlock$GetAdapter.receive(LValueBlock.java:30)
	at com.cloudbees.groovy.cps.impl.PropertyishBlock$ContinuationImpl.fixName(PropertyishBlock.java:66)
	at sun.reflect.GeneratedMethodAccessor166.invoke(Unknown Source)
	at sun.reflect.DelegatingMethodAccessorImpl.invoke(DelegatingMethodAccessorImpl.java:43)
	at java.lang.reflect.Method.invoke(Method.java:498)
	at com.cloudbees.groovy.cps.impl.ContinuationPtr$ContinuationImpl.receive(ContinuationPtr.java:72)
	at com.cloudbees.groovy.cps.impl.ConstantBlock.eval(ConstantBlock.java:21)
	at com.cloudbees.groovy.cps.Next.step(Next.java:83)
	at com.cloudbees.groovy.cps.Continuable$1.call(Continuable.java:174)
	at com.cloudbees.groovy.cps.Continuable$1.call(Continuable.java:163)
	at org.codehaus.groovy.runtime.GroovyCategorySupport$ThreadCategoryInfo.use(GroovyCategorySupport.java:129)
	at org.codehaus.groovy.runtime.GroovyCategorySupport.use(GroovyCategorySupport.java:268)
	at com.cloudbees.groovy.cps.Continuable.run0(Continuable.java:163)
	at org.jenkinsci.plugins.workflow.cps.SandboxContinuable.access$101(SandboxContinuable.java:34)
	at org.jenkinsci.plugins.workflow.cps.SandboxContinuable.lambda$run0$0(SandboxContinuable.java:59)
	at org.jenkinsci.plugins.scriptsecurity.sandbox.groovy.GroovySandbox.runInSandbox(GroovySandbox.java:108)
	at org.jenkinsci.plugins.workflow.cps.SandboxContinuable.run0(SandboxContinuable.java:58)
	at org.jenkinsci.plugins.workflow.cps.CpsThread.runNextChunk(CpsThread.java:182)
	at org.jenkinsci.plugins.workflow.cps.CpsThreadGroup.run(CpsThreadGroup.java:332)
	at org.jenkinsci.plugins.workflow.cps.CpsThreadGroup.access$200(CpsThreadGroup.java:83)
	at org.jenkinsci.plugins.workflow.cps.CpsThreadGroup$2.call(CpsThreadGroup.java:244)
	at org.jenkinsci.plugins.workflow.cps.CpsThreadGroup$2.call(CpsThreadGroup.java:232)
	at org.jenkinsci.plugins.workflow.cps.CpsVmExecutorService$2.call(CpsVmExecutorService.java:64)
	at java.util.concurrent.FutureTask.run(FutureTask.java:266)
	at hudson.remoting.SingleLaneExecutorService$1.run(SingleLaneExecutorService.java:131)
	at jenkins.util.ContextResettingExecutorService$1.run(ContextResettingExecutorService.java:28)
	at jenkins.security.ImpersonatingExecutorService$1.run(ImpersonatingExecutorService.java:59)
	at java.util.concurrent.Executors$RunnableAdapter.call(Executors.java:511)
	at java.util.concurrent.FutureTask.run(FutureTask.java:266)
	at java.util.concurrent.ThreadPoolExecutor.runWorker(ThreadPoolExecutor.java:1149)
	at java.util.concurrent.ThreadPoolExecutor$Worker.run(ThreadPoolExecutor.java:624)
	at java.lang.Thread.run(Thread.java:748)
[Pipeline] checkout
[Pipeline] sh
+ make all
go: finding github.com/hashicorp/hcl v0.0.0-20180404174102-ef8a98b0bbce
go: finding github.com/andygrunwald/go-jira v1.5.0
go: finding github.com/modern-go/reflect2 v0.0.0-20180701023420-4b7aa43c6742
go: finding github.com/armon/go-metrics v0.0.0-20180620213357-58588f401c2c
go: finding github.com/pkg/errors v0.8.0
go: finding github.com/gregjones/httpcache v0.0.0-20180305231024-9cad4c3443a7
go: finding github.com/danwakefield/fnmatch v0.0.0-20160403171240-cbb64ac3d964
go: finding github.com/Jeffail/gabs v1.1.0
go: finding github.com/gorilla/mux v1.6.2
go: finding github.com/satori/go.uuid v0.0.0-20180901134234-8ccf5352a842c
go: finding github.com/matttproud/golang_protobuf_extensions v1.0.1
go: finding github.com/spf13/viper v1.0.2
go: finding github.com/pkg/browser v0.0.0-20170505125900-c90ca0c84f15
go: finding contrib.go.opencensus.io/exporter/stackdriver v0.5.0
go: finding github.com/disintegration/imaging v1.4.2
go: finding github.com/kevinburke/ssh_config v0.0.0-20180317175531-9fc7bb800b55
go: finding go.opencensus.io v0.14.0
go: finding github.com/petar/GoLLRB v0.0.0-20130427215148-53be0d36a84c
go: finding github.com/golang/glog v0.0.0-20160126235308-23def4e6c14b
go: finding github.com/prometheus/client_model v0.0.0-20180712105110-5c3871d89910
go: finding github.com/ghodss/yaml v1.0.0
go: finding github.com/shurcooL/githubv4 v0.0.0-20180509030948-19298c78142b
go: finding github.com/xanzy/ssh-agent v0.2.0
go: finding github.com/hashicorp/go-immutable-radix v0.0.0-20180129170900-7f3cd4390caa
go: finding github.com/jenkins-x/chyle v0.0.0-20180226080600-68f7a93a63ec
go: finding github.com/StackExchange/wmi v0.0.0-20180116203802-5d049714c4a6
go: finding golang.org/x/time v0.0.0-20180412165947-fbb02b2291d2
go: finding github.com/zach-klippenstein/goregen v0.0.0-20160303162051-795b5e3961ea
go: finding gopkg.in/yaml.v2 v2.2.1
go: finding github.com/gfleury/go-bitbucket-v1 v0.0.0-20180608194953-66450bf15655
go: finding k8s.io/code-generator v0.0.0-20181017053441-8c97d6ab64da
go: finding golang.org/x/sync v0.0.0-20180314180146-1d60e4601c6f
go: finding github.com/evanphx/json-patch v4.1.0+incompatible
go: finding github.com/jenkins-x/jx v1.3.574
go: finding github.com/imdario/mergo v0.3.5
go: finding google.golang.org/api v0.0.0-20180802201733-6c5c3d4ff961
go: finding github.com/jteeuwen/go-bindata v0.0.0-20180305030458-6025e8de665b
go: finding github.com/shirou/gopsutil v0.0.0-20180901134234-eb1f1ab16f2e
go: finding github.com/jenkins-x/draft-repo v0.0.0-20180417100212-2f66cc518135
go: finding golang.org/x/oauth2 v0.0.0-20180620175406-ef147856a6dd
go: finding gopkg.in/square/go-jose.v2 v2.1.6
go: finding cloud.google.com/go v0.25.0
go: finding github.com/gogo/protobuf v1.1.1
go: finding github.com/trivago/tgo v1.0.1
go: finding k8s.io/heapster v1.5.3
go: finding github.com/codeship/codeship-go v0.0.0-20180717142545-7793ca823354
go: finding github.com/pelletier/go-toml v1.2.0
go: finding github.com/Masterminds/semver v1.4.2
go: finding github.com/peterbourgon/diskv v2.0.1+incompatible
go: finding google.golang.org/genproto v0.0.0-20180722052100-02b4e9547331
go: finding github.com/fatih/color v1.7.0
go: finding github.com/blang/semver v3.5.1+incompatible
go: finding github.com/goadesign/goa v1.4.0
go: finding github.com/MakeNowJust/heredoc v0.0.0-20171113091838-e9091a26100e
go: finding golang.org/x/sys v0.0.0-20180905080454-ebe1bf3edb33
go: finding github.com/dgrijalva/jwt-go v3.2.0+incompatible
go: finding github.com/hashicorp/go-sockaddr v0.0.0-20180320115054-6d291a969b86
go: finding github.com/manveru/faker v0.0.0-20171103152722-9fbc68a78c4d
go: finding github.com/jbenet/go-context v0.0.0-20150711004518-d14ea06fba99
go: finding github.com/prometheus/procfs v0.0.0-20180725123919-05ee40e3a273
go: finding github.com/beevik/etree v1.0.1
go: finding github.com/sirupsen/logrus v1.0.6
go: finding github.com/kr/pty v1.1.2
go: finding github.com/knative/build v0.0.0-20180906201914-846036c8b91d
go: finding gopkg.in/src-d/go-billy.v4 v4.2.0
go: finding github.com/ccojocar/sonobuoy v0.11.4-0.20181017221355-3dca83bf4b74
go: finding github.com/prometheus/common v0.0.0-20180801064454-c7de2306084e
go: finding google.golang.org/grpc v1.14.0
go: finding github.com/google/btree v0.0.0-20180124185431-e89373fe6b4a
go: finding k8s.io/kube-openapi v0.0.0-20180719232738-d8ea2fe547a4
go: finding github.com/IBM-Cloud/bluemix-go v0.0.0-20181008063305-d718d474c7c2
go: finding gopkg.in/check.v1 v0.0.0-20161208181325-20d25e280405
go: finding github.com/google/gofuzz v0.0.0-20170612174753-24818f796faf
go: finding github.com/knq/sysutil v0.0.0-20180306023629-0218e141a794
go: finding github.com/cpuguy83/go-md2man v1.0.8
go: finding github.com/gobwas/glob v0.2.3
go: finding github.com/jbrukh/bayesian v0.0.0-20161210175230-bf3f261f9a9c
go: finding github.com/go-ole/go-ole v1.2.1
go: finding github.com/mgutz/ansi v0.0.0-20170206155736-9520e82c474b
go: finding golang.org/x/crypto v0.0.0-20180723164146-c126467f60eb
go: finding github.com/emirpasic/gods v1.9.0
go: finding k8s.io/gengo v0.0.0-20180718083919-906d99f89cd6
go: finding github.com/bouk/monkey v1.0.0
go: finding github.com/mattn/go-isatty v0.0.3
go: finding github.com/hpcloud/tail v1.0.0
go: finding github.com/shirou/w32 v0.0.0-20160930032740-bb4de0191aa4
go: finding github.com/googleapis/gax-go v2.0.0+incompatible
go: finding github.com/denormal/go-gitignore v0.0.0-20180713143441-75ce8f3e513c
go: finding github.com/knq/snaker v0.0.0-20180306023312-d9ad1e7f342a
go: finding github.com/hashicorp/go-cleanhttp v0.5.0
go: finding github.com/andygrunwald/go-gerrit v0.0.0-20181026193842-43cfd7a94eb4
go: finding github.com/sethgrid/pester v0.0.0-20180430140037-03e26c9abbbf
go: finding golang.org/x/crypto v0.0.0-20180904163835-0709b304e793
go: finding golang.org/x/net v0.0.0-20181005035420-146acd28ed58
go: finding github.com/docker/spdystream v0.0.0-20170912183627-bc6354cbbc29
go: finding github.com/gophercloud/gophercloud v0.0.0-20180721014243-9bb899a7c1d9
go: finding github.com/prometheus/common v0.0.0-20180518154759-7600349dcfe1
go: finding github.com/hashicorp/golang-lru v0.0.0-20180201235237-0fb14efe8c47
go: finding github.com/operator-framework/operator-sdk v0.0.0-20181011175812-913cbf711929
go: finding golang.org/x/text v0.3.0
go: finding github.com/beorn7/perks v0.0.0-20180321164747-3a771d992973
go: finding github.com/BurntSushi/toml v0.3.0
go: finding github.com/spf13/cobra v0.0.3
go: finding gopkg.in/tomb.v1 v1.0.0-20141024135613-dd632973f1e7
go: finding github.com/dimfeld/httptreemux v5.0.1+incompatible
go: finding github.com/nlopes/slack v0.0.0-20180721202243-347a74b1ea30
go: finding github.com/Azure/draft v0.15.0
go: finding github.com/xanzy/go-gitlab v0.0.0-20180903081119-2035275e8e04
go: finding k8s.io/api v0.0.0-20180628040859-072894a440bd
go: finding github.com/spf13/pflag v1.0.1
go: finding github.com/jmespath/go-jmespath v0.0.0-20160202185014-0b12d6b521d8
go: finding github.com/alexflint/go-filemutex v0.0.0-20171028004239-d358565f3c3f
go: finding github.com/prometheus/procfs v0.0.0-20180705121852-ae68e2d4c00f
go: finding github.com/golang/protobuf v1.1.0
go: finding github.com/mitchellh/go-homedir v0.0.0-20180523094522-3864e76763d9
go: finding github.com/ryanuber/go-glob v0.0.0-20170128012129-256dc444b735
go: finding github.com/wbrefvem/go-bitbucket v0.0.0-20180917214347-1c96061fe622
go: finding github.com/shurcooL/go v0.0.0-20180423040247-9e1955d9fb6e
go: finding github.com/go-openapi/spec v0.17.1
go: finding github.com/stoewer/go-strcase v1.0.1
go: finding github.com/pelletier/go-buffruneio v0.2.0
go: finding k8s.io/api v0.0.0-20181130031204-d04500c8c3dd
go: finding github.com/chromedp/cdproto v0.0.0-20180720050708-57cf4773008d
go: finding google.golang.org/genproto v0.0.0-20180731170733-daca94659cb5
go: finding github.com/kubernetes/dashboard v1.10.0
go: finding k8s.io/apiextensions-apiserver v0.0.0-20180621085152-bbc52469f98b
go: finding k8s.io/apiserver v0.0.0-20181113231642-cf5eff4f5e8f
go: finding github.com/mailru/easyjson v0.0.0-20180823135443-60711f1a8329
go: finding github.com/fsnotify/fsnotify v1.4.7
go: finding github.com/viniciuschiele/tarx v0.0.0-20151205142357-6e3da540444d
go: finding github.com/rodaine/hclencoder v0.0.0-20180926060551-0680c4321930
go: finding github.com/gorilla/websocket v1.2.0
go: finding github.com/hinshun/vt10x v0.0.0-20180809195222-d55458df857c
go: finding github.com/hashicorp/go-multierror v1.0.0
go: finding github.com/json-iterator/go v0.0.0-20180701071628-ab8a2e0c74be
go: finding github.com/pborman/uuid v0.0.0-20170612153648-e790cca94e6c
go: finding github.com/knative/build v0.2.0
go: finding github.com/prometheus/client_golang v0.8.0
go: finding github.com/spf13/afero v1.1.1
go: finding k8s.io/client-go v8.0.0+incompatible
go: finding github.com/kballard/go-shellquote v0.0.0-20180428030007-95032a82bc51
go: finding github.com/magiconair/properties v1.8.0
go: finding github.com/aws/aws-sdk-go v1.15.50
go: finding github.com/Netflix/go-expect v0.0.0-20180814212900-124a37274874
go: finding github.com/modern-go/concurrent v0.0.0-20180306012644-bacd9c7ef1dd
go: finding github.com/onsi/ginkgo v1.6.0
go: finding github.com/gorilla/context v1.1.1
go: finding k8s.io/apimachinery v0.0.0-20180621070125-103fd098999d
go: finding k8s.io/metrics v0.0.0-20180620010437-b11cf31b380b
go: finding github.com/spf13/cast v1.2.0
go: finding github.com/PuerkitoBio/purell v1.1.0
go: finding k8s.io/helm v2.7.2+incompatible
go: finding github.com/jenkins-x/golang-jenkins v0.0.0-20180919102630-65b83ad42314
go: finding github.com/c2h5oh/datasize v0.0.0-20171227191756-4eba002a5eae
go: finding github.com/inconshreveable/mousetrap v1.0.0
go: finding google.golang.org/api v0.0.0-20180724000608-2c45710c7f3f
go: finding github.com/stretchr/testify v1.2.2
go: finding golang.org/x/image v0.0.0-20180708004352-c73c2afc3b81
go: finding github.com/hashicorp/go-retryablehttp v0.0.0-20180718195005-e651d75abec6
go: finding gopkg.in/robfig/cron.v2 v2.0.0-20150107220207-be2e0b0deed5
go: finding github.com/src-d/gcfg v1.3.0
go: finding github.com/go-openapi/jsonreference v0.17.0
go: finding github.com/onsi/gomega v1.4.1
go: finding github.com/go-openapi/jsonpointer v0.17.0
go: finding github.com/knative/pkg v0.0.0-20181126210222-862aa6dbe7b6
go: finding github.com/google/go-github v17.0.0+incompatible
go: finding github.com/cenkalti/backoff v2.0.0+incompatible
go: finding github.com/hashicorp/go-version v0.0.0-20180716215031-270f2f71b1ee
go: finding github.com/davecgh/go-spew v1.1.1
go: finding github.com/rifflock/lfshook v0.0.0-20180227222202-bf539943797a
go: finding golang.org/x/tools v0.0.0-20180723204246-ded554d0681e
go: finding github.com/pierrec/lz4 v2.0.5+incompatible
go: finding github.com/hashicorp/go-rootcerts v0.0.0-20160503143440-6bb64b370b90
go: finding github.com/jenkins-x/test-infra v0.0.0-20181017095642-0e6fed3d4d4d
go: finding github.com/alecthomas/template v0.0.0-20160405071501-a0175ee3bccc
go: finding github.com/PuerkitoBio/urlesc v0.0.0-20170810143723-de5bf2ad4578
go: finding github.com/hashicorp/errwrap v1.0.0
go: finding github.com/googleapis/gnostic v0.2.0
go: finding github.com/go-ini/ini v1.38.1
go: finding github.com/mattbaird/jsonpatch v0.0.0-20171005235357-81af80346b1a
go: finding github.com/fatih/structs v1.0.0
go: finding gopkg.in/fsnotify.v1 v1.4.7
go: finding github.com/google/go-querystring v0.0.0-20170111101155-53e6ce116135
go: finding github.com/sergi/go-diff v1.0.0
go: finding github.com/gorilla/sessions v1.1.1
go: finding gopkg.in/alecthomas/kingpin.v2 v2.2.6
go: finding code.gitea.io/sdk v0.0.0-20180702024448-79a281c4e34a
go: finding gopkg.in/warnings.v0 v0.1.2
go: finding github.com/Azure/go-autorest v10.14.0+incompatible
go: finding github.com/banzaicloud/bank-vaults v0.0.0-20181015112421-ca15a6960a3a
go: finding gopkg.in/AlecAivazis/survey.v1 v1.6.2
go: finding github.com/Pallinder/go-randomdata v0.0.0-20180616180521-15df0648130a
go: finding github.com/mitchellh/mapstructure v0.0.0-20180715050151-f15292f7a699
go: finding github.com/spf13/jwalterweatherman v0.0.0-20180109140146-7c0cea34c8ec
go: finding golang.org/x/sys v0.0.0-20180715085529-ac767d655b30
go: finding github.com/chromedp/chromedp v0.1.1
go: finding github.com/petergtz/pegomock v0.0.0-20181206220228-b113d17a7e81
go: finding github.com/xanzy/go-gitlab v0.0.0-20180814191223-f3bc634ab936
go: finding github.com/emicklei/go-restful v2.8.0+incompatible
go: finding github.com/mattn/go-colorable v0.0.9
go: finding github.com/go-ini/ini v1.25.4
go: finding gopkg.in/src-d/go-git.v4 v4.5.0
go: finding github.com/golang/snappy v0.0.0-20180518054509-2e65f85255db
go: finding github.com/dimfeld/httppath v0.0.0-20170720192232-ee938bf73598
go: finding google.golang.org/appengine v1.1.0
go: finding github.com/mailru/easyjson v0.0.0-20180606163543-3fdea8d05856
go: finding github.com/chromedp/cdproto v0.0.0-20180703215205-c125a34ea3b3
go: finding github.com/gorilla/securecookie v1.1.1
go: finding github.com/russross/blackfriday v1.5.1
go: finding github.com/alecthomas/units v0.0.0-20151022065526-2efee857e7cf
go: finding github.com/hashicorp/vault v0.11.4
go: finding google.golang.org/grpc v1.13.0
go: finding gopkg.in/inf.v0 v0.9.1
go: finding github.com/pmezard/go-difflib v1.0.0
go: finding github.com/google/go-cmp v0.2.0
go: finding github.com/shurcooL/graphql v0.0.0-20180514000029-62c9ce094e75
go: finding github.com/petergtz/pegomock v0.0.0-20181008215750-9750219ad78b
go: finding github.com/go-openapi/swag v0.17.0
go: finding golang.org/x/image v0.0.0-20180628062038-cc896f830ced
go: downloading github.com/prometheus/common v0.0.0-20180801064454-c7de2306084e
go: downloading github.com/jenkins-x/jx v1.3.574
go: downloading github.com/hashicorp/golang-lru v0.0.0-20180201235237-0fb14efe8c47
go: downloading k8s.io/apimachinery v0.0.0-20180621070125-103fd098999d
go: downloading github.com/blang/semver v3.5.1+incompatible
go: downloading k8s.io/client-go v8.0.0+incompatible
go: downloading github.com/goadesign/goa v1.4.0
go: downloading github.com/sirupsen/logrus v1.0.6
go: downloading github.com/ccojocar/sonobuoy v0.11.4-0.20181017221355-3dca83bf4b74
go: downloading github.com/dimfeld/httptreemux v5.0.1+incompatible
go: downloading github.com/spf13/pflag v1.0.1
go: downloading github.com/kubernetes/dashboard v1.10.0
go: downloading github.com/ghodss/yaml v1.0.0
go: downloading github.com/pkg/errors v0.8.0
go: downloading github.com/gogo/protobuf v1.1.1
go: downloading github.com/fatih/color v1.7.0
go: downloading gopkg.in/yaml.v2 v2.2.1
go: downloading github.com/stoewer/go-strcase v1.0.1
go: downloading k8s.io/api v0.0.0-20181130031204-d04500c8c3dd
go: downloading github.com/MakeNowJust/heredoc v0.0.0-20171113091838-e9091a26100e
go: downloading gopkg.in/AlecAivazis/survey.v1 v1.6.2
go: downloading k8s.io/apiextensions-apiserver v0.0.0-20180621085152-bbc52469f98b
go: downloading github.com/armon/go-metrics v0.0.0-20180620213357-58588f401c2c
go: downloading github.com/google/go-github v17.0.0+incompatible
go: downloading github.com/nlopes/slack v0.0.0-20180721202243-347a74b1ea30
go: finding github.com/cloudbees/core-backend/pkg/swagger latest
go: finding github.com/cloudbees/core-backend/pkg/schema latest
go: downloading github.com/gorilla/websocket v1.2.0
go: downloading github.com/kballard/go-shellquote v0.0.0-20180428030007-95032a82bc51
go: downloading github.com/fatih/structs v1.0.0
go: downloading k8s.io/metrics v0.0.0-20180620010437-b11cf31b380b
go: downloading github.com/hashicorp/go-immutable-radix v0.0.0-20180129170900-7f3cd4390caa
go: downloading github.com/shirou/gopsutil v0.0.0-20180901134234-eb1f1ab16f2e
go: downloading golang.org/x/oauth2 v0.0.0-20180620175406-ef147856a6dd
go: downloading github.com/spf13/cobra v0.0.3
go: downloading github.com/cenkalti/backoff v2.0.0+incompatible
go: downloading golang.org/x/net v0.0.0-20181005035420-146acd28ed58
go: downloading github.com/beevik/etree v1.0.1
go: downloading github.com/Jeffail/gabs v1.1.0
go: downloading github.com/golang/glog v0.0.0-20160126235308-23def4e6c14b
go: downloading github.com/jenkins-x/golang-jenkins v0.0.0-20180919102630-65b83ad42314
go: downloading github.com/google/gofuzz v0.0.0-20170612174753-24818f796faf
go: downloading github.com/json-iterator/go v0.0.0-20180701071628-ab8a2e0c74be
go: downloading github.com/mattn/go-colorable v0.0.9
go: downloading golang.org/x/crypto v0.0.0-20180904163835-0709b304e793
go: downloading gopkg.in/alecthomas/kingpin.v2 v2.2.6
go: downloading github.com/zach-klippenstein/goregen v0.0.0-20160303162051-795b5e3961ea
go: downloading github.com/golang/protobuf v1.1.0
go: downloading github.com/davecgh/go-spew v1.1.1
go: downloading github.com/googleapis/gnostic v0.2.0
go: downloading github.com/gregjones/httpcache v0.0.0-20180305231024-9cad4c3443a7
go: downloading github.com/gfleury/go-bitbucket-v1 v0.0.0-20180608194953-66450bf15655
go: downloading github.com/alecthomas/units v0.0.0-20151022065526-2efee857e7cf
go: downloading github.com/imdario/mergo v0.3.5
go: downloading github.com/andygrunwald/go-gerrit v0.0.0-20181026193842-43cfd7a94eb4
go: downloading github.com/wbrefvem/go-bitbucket v0.0.0-20180917214347-1c96061fe622
go: downloading github.com/mattn/go-isatty v0.0.3
go: downloading github.com/satori/go.uuid v0.0.0-20180901134234-8ccf5352a842c
go: downloading golang.org/x/time v0.0.0-20180412165947-fbb02b2291d2
go: downloading github.com/alecthomas/template v0.0.0-20160405071501-a0175ee3bccc
go: downloading gopkg.in/src-d/go-git.v4 v4.5.0
go: downloading github.com/modern-go/concurrent v0.0.0-20180306012644-bacd9c7ef1dd
go: downloading github.com/dimfeld/httppath v0.0.0-20170720192232-ee938bf73598
go: downloading k8s.io/helm v2.7.2+incompatible
go: downloading github.com/knative/build v0.2.0
go: downloading github.com/alexflint/go-filemutex v0.0.0-20171028004239-d358565f3c3f
go: downloading code.gitea.io/sdk v0.0.0-20180702024448-79a281c4e34a
go: downloading github.com/aws/aws-sdk-go v1.15.50
go: downloading github.com/Azure/draft v0.15.0
go: downloading github.com/banzaicloud/bank-vaults v0.0.0-20181015112421-ca15a6960a3a
go: downloading github.com/jenkins-x/chyle v0.0.0-20180226080600-68f7a93a63ec
go: downloading github.com/onsi/ginkgo v1.6.0
go: downloading github.com/chromedp/cdproto v0.0.0-20180720050708-57cf4773008d
go: downloading github.com/mailru/easyjson v0.0.0-20180823135443-60711f1a8329
go: downloading golang.org/x/sync v0.0.0-20180314180146-1d60e4601c6f
go: downloading gopkg.in/src-d/go-billy.v4 v4.2.0
go: downloading github.com/IBM-Cloud/bluemix-go v0.0.0-20181008063305-d718d474c7c2
go: downloading github.com/google/go-querystring v0.0.0-20170111101155-53e6ce116135
go: downloading github.com/jbenet/go-context v0.0.0-20150711004518-d14ea06fba99
go: downloading github.com/gobwas/glob v0.2.3
go: downloading golang.org/x/text v0.3.0
go: downloading github.com/mitchellh/mapstructure v0.0.0-20180715050151-f15292f7a699
go: downloading github.com/manveru/faker v0.0.0-20171103152722-9fbc68a78c4d
go: downloading github.com/sergi/go-diff v1.0.0
go: downloading github.com/Pallinder/go-randomdata v0.0.0-20180616180521-15df0648130a
go: downloading github.com/knative/pkg v0.0.0-20181126210222-862aa6dbe7b6
go: finding github.com/cloudbees/core-backend/pkg latest
go: downloading github.com/chromedp/chromedp v0.1.1
go: downloading github.com/pkg/browser v0.0.0-20170505125900-c90ca0c84f15
go: downloading github.com/hpcloud/tail v1.0.0
go: downloading github.com/russross/blackfriday v1.5.1
go: downloading github.com/viniciuschiele/tarx v0.0.0-20151205142357-6e3da540444d
go: downloading github.com/BurntSushi/toml v0.3.0
go: downloading github.com/codeship/codeship-go v0.0.0-20180717142545-7793ca823354
go: downloading github.com/pborman/uuid v0.0.0-20170612153648-e790cca94e6c
go: downloading github.com/disintegration/imaging v1.4.2
go: downloading golang.org/x/image v0.0.0-20180708004352-c73c2afc3b81
go: downloading github.com/hashicorp/go-version v0.0.0-20180716215031-270f2f71b1ee
go: downloading k8s.io/kube-openapi v0.0.0-20180719232738-d8ea2fe547a4
go: downloading github.com/xanzy/ssh-agent v0.2.0
go: downloading github.com/peterbourgon/diskv v2.0.1+incompatible
go: downloading gopkg.in/inf.v0 v0.9.1
go: downloading golang.org/x/sys v0.0.0-20180905080454-ebe1bf3edb33
go: downloading github.com/knq/sysutil v0.0.0-20180306023629-0218e141a794
go: downloading k8s.io/heapster v1.5.3
go: downloading github.com/modern-go/reflect2 v0.0.0-20180701023420-4b7aa43c6742
go: downloading github.com/cpuguy83/go-md2man v1.0.8
go: downloading github.com/emicklei/go-restful v2.8.0+incompatible
go: downloading gopkg.in/tomb.v1 v1.0.0-20141024135613-dd632973f1e7
go: downloading github.com/spf13/cast v1.2.0
go: downloading github.com/src-d/gcfg v1.3.0
go: downloading github.com/mattbaird/jsonpatch v0.0.0-20171005235357-81af80346b1a
go: downloading github.com/Masterminds/semver v1.4.2
go: downloading github.com/mgutz/ansi v0.0.0-20170206155736-9520e82c474b
go: downloading github.com/c2h5oh/datasize v0.0.0-20171227191756-4eba002a5eae
go: downloading github.com/denormal/go-gitignore v0.0.0-20180713143441-75ce8f3e513c
go: downloading github.com/rifflock/lfshook v0.0.0-20180227222202-bf539943797a
go: downloading github.com/operator-framework/operator-sdk v0.0.0-20181011175812-913cbf711929
go: downloading github.com/hashicorp/vault v0.11.4
go: downloading github.com/spf13/viper v1.0.2
go: downloading gopkg.in/warnings.v0 v0.1.2
go: downloading github.com/andygrunwald/go-jira v1.5.0
go: downloading github.com/jenkins-x/test-infra v0.0.0-20181017095642-0e6fed3d4d4d
go: downloading github.com/emirpasic/gods v1.9.0
go: downloading github.com/gorilla/mux v1.6.2
go: downloading github.com/hashicorp/hcl v0.0.0-20180404174102-ef8a98b0bbce
go: downloading github.com/pelletier/go-toml v1.2.0
go: downloading github.com/google/go-cmp v0.2.0
go: downloading github.com/magiconair/properties v1.8.0
go: downloading github.com/evanphx/json-patch v4.1.0+incompatible
go: downloading github.com/xanzy/go-gitlab v0.0.0-20180903081119-2035275e8e04
go: downloading github.com/gophercloud/gophercloud v0.0.0-20180721014243-9bb899a7c1d9
go: downloading github.com/trivago/tgo v1.0.1
go: downloading github.com/Azure/go-autorest v10.14.0+incompatible
go: downloading github.com/spf13/jwalterweatherman v0.0.0-20180109140146-7c0cea34c8ec
go: downloading github.com/jenkins-x/draft-repo v0.0.0-20180417100212-2f66cc518135
go: downloading gopkg.in/fsnotify.v1 v1.4.7
go: downloading github.com/kevinburke/ssh_config v0.0.0-20180317175531-9fc7bb800b55
go: downloading github.com/danwakefield/fnmatch v0.0.0-20160403171240-cbb64ac3d964
go: downloading github.com/google/btree v0.0.0-20180124185431-e89373fe6b4a
go: downloading github.com/fsnotify/fsnotify v1.4.7
go: downloading github.com/pelletier/go-buffruneio v0.2.0
go: downloading github.com/jmespath/go-jmespath v0.0.0-20160202185014-0b12d6b521d8
go: downloading github.com/spf13/afero v1.1.1
go: downloading github.com/jbrukh/bayesian v0.0.0-20161210175230-bf3f261f9a9c
go: downloading github.com/go-ini/ini v1.38.1
go: downloading github.com/mitchellh/go-homedir v0.0.0-20180523094522-3864e76763d9
go: downloading github.com/docker/spdystream v0.0.0-20170912183627-bc6354cbbc29
go: downloading github.com/dgrijalva/jwt-go v3.2.0+incompatible
go: downloading cloud.google.com/go v0.25.0
go: downloading gopkg.in/square/go-jose.v2 v2.1.6
go: downloading github.com/stretchr/testify v1.2.2
go: downloading github.com/rodaine/hclencoder v0.0.0-20180926060551-0680c4321930
go: downloading github.com/pmezard/go-difflib v1.0.0
go: downloading github.com/gorilla/sessions v1.1.1
go: downloading github.com/prometheus/client_golang v0.8.0
go: downloading gopkg.in/robfig/cron.v2 v2.0.0-20150107220207-be2e0b0deed5
go: downloading google.golang.org/api v0.0.0-20180802201733-6c5c3d4ff961
go: downloading google.golang.org/genproto v0.0.0-20180731170733-daca94659cb5
go: downloading github.com/googleapis/gax-go v2.0.0+incompatible
go: downloading google.golang.org/grpc v1.14.0
go: downloading go.opencensus.io v0.14.0
go: downloading github.com/shurcooL/githubv4 v0.0.0-20180509030948-19298c78142b
go: downloading github.com/beorn7/perks v0.0.0-20180321164747-3a771d992973
go: downloading github.com/matttproud/golang_protobuf_extensions v1.0.1
go: downloading github.com/prometheus/client_model v0.0.0-20180712105110-5c3871d89910
go: downloading github.com/shurcooL/graphql v0.0.0-20180514000029-62c9ce094e75
go: downloading github.com/prometheus/procfs v0.0.0-20180725123919-05ee40e3a273
go: downloading github.com/gorilla/context v1.1.1
go: downloading github.com/shurcooL/go v0.0.0-20180423040247-9e1955d9fb6e
go: downloading github.com/gorilla/securecookie v1.1.1
go: downloading github.com/hashicorp/errwrap v1.0.0
go: downloading github.com/hashicorp/go-rootcerts v0.0.0-20160503143440-6bb64b370b90
go: downloading github.com/hashicorp/go-sockaddr v0.0.0-20180320115054-6d291a969b86
go: downloading github.com/ryanuber/go-glob v0.0.0-20170128012129-256dc444b735
go: downloading github.com/hashicorp/go-cleanhttp v0.5.0
go: downloading github.com/hashicorp/go-multierror v1.0.0
go: downloading github.com/golang/snappy v0.0.0-20180518054509-2e65f85255db
go: downloading github.com/hashicorp/go-retryablehttp v0.0.0-20180718195005-e651d75abec6
go: downloading github.com/pierrec/lz4 v2.0.5+incompatible
go: downloading contrib.go.opencensus.io/exporter/stackdriver v0.5.0
go: finding github.com/satori/go.uuid v1.2.0
go: finding github.com/heptio/sonobuoy v0.12.0
go: finding k8s.io/test-infra v0.0.0-20181016234544-2c26f647f17a
GO111MODULE=off go get -u github.com/goadesign/goa/goagen
GO111MODULE=off go get -u github.com/jteeuwen/go-bindata/go-bindata
goagen app -d github.com/cloudbees/core-backend/pkg/design -o pkg/controller
pkg/controller/app
pkg/controller/app/contexts.go
pkg/controller/app/controllers.go
pkg/controller/app/security.go
pkg/controller/app/hrefs.go
pkg/controller/app/media_types.go
pkg/controller/app/user_types.go
pkg/controller/app/test
pkg/controller/app/test/activity_testing.go
pkg/controller/app/test/environment_apps_testing.go
pkg/controller/app/test/info_testing.go
pkg/controller/app/test/kubeproxy_testing.go
pkg/controller/app/test/kubeql_testing.go
pkg/controller/app/test/pipelines_testing.go
pkg/controller/app/test/static_content_testing.go
pkg/controller/app/test/swagger_testing.go
pkg/controller/app/test/tag_testing.go
pkg/controller/app/test/team_testing.go
pkg/controller/app/test/user_testing.go
goagen controller -d github.com/cloudbees/core-backend/pkg/design -o pkg/controller/ --pkg controller --app-pkg app

goagen swagger -d github.com/cloudbees/core-backend/pkg/design -o pkg
pkg/swagger
pkg/swagger/swagger.json
pkg/swagger/swagger.yaml
goagen schema -d github.com/cloudbees/core-backend/pkg/design -o pkg
pkg/schema
pkg/schema/schema.json
go-bindata \
	-o pkg/schema/bindata.go \
	-pkg schema \
	-prefix '' \
	-nocompress \
	pkg/schema
go-bindata \
	-o pkg/swagger/bindata.go \
	-pkg swagger \
	-prefix '' \
	-nocompress \
	pkg/swagger
CGO_ENABLED=0 GO111MODULE=on GO15VENDOREXPERIMENT=1 go build -ldflags " -X github.com/cloudbees/core-backend/pkg/version.Version=1.0.1 -X github.com/cloudbees/core-backend/pkg/version.Revision=21e2a41 -X github.com/cloudbees/core-backend/pkg/version.Sha1=21e2a412fc6e42c8f85cd49249789678289a467c -X github.com/cloudbees/core-backend/pkg/version.Branch='master' -X github.com/cloudbees/core-backend/pkg/version.BuildDate='20181217-17:17:51' -X github.com/cloudbees/core-backend/pkg/version.GoVersion='1.11'" -o build/core cmd/core/core.go
DISABLE_SSO=true CGO_ENABLED=0 GO111MODULE=on GO15VENDOREXPERIMENT=1 go test github.com/cloudbees/core-backend/cmd/core github.com/cloudbees/core-backend/cmd/core/app github.com/cloudbees/core-backend/pkg/apis/cloudbees.com github.com/cloudbees/core-backend/pkg/apis/cloudbees.com/v1 github.com/cloudbees/core-backend/pkg/apps github.com/cloudbees/core-backend/pkg/caching github.com/cloudbees/core-backend/pkg/client/clientset/versioned github.com/cloudbees/core-backend/pkg/client/clientset/versioned/fake github.com/cloudbees/core-backend/pkg/client/clientset/versioned/scheme github.com/cloudbees/core-backend/pkg/client/clientset/versioned/typed/cloudbees.com/v1 github.com/cloudbees/core-backend/pkg/client/clientset/versioned/typed/cloudbees.com/v1/fake github.com/cloudbees/core-backend/pkg/client/informers/externalversions github.com/cloudbees/core-backend/pkg/client/informers/externalversions/cloudbees.com github.com/cloudbees/core-backend/pkg/client/informers/externalversions/cloudbees.com/v1 github.com/cloudbees/core-backend/pkg/client/informers/externalversions/internalinterfaces github.com/cloudbees/core-backend/pkg/client/listers/cloudbees.com/v1 github.com/cloudbees/core-backend/pkg/common github.com/cloudbees/core-backend/pkg/controller github.com/cloudbees/core-backend/pkg/controller/app github.com/cloudbees/core-backend/pkg/controller/app/test github.com/cloudbees/core-backend/pkg/core/cmd github.com/cloudbees/core-backend/pkg/design github.com/cloudbees/core-backend/pkg/jwt github.com/cloudbees/core-backend/pkg/kube github.com/cloudbees/core-backend/pkg/kubeql github.com/cloudbees/core-backend/pkg/log github.com/cloudbees/core-backend/pkg/nodes github.com/cloudbees/core-backend/pkg/version -test.v
go: downloading github.com/petergtz/pegomock v0.0.0-20181206220228-b113d17a7e81
go: downloading github.com/onsi/gomega v1.4.1
?   	github.com/cloudbees/core-backend/cmd/core	[no test files]
?   	github.com/cloudbees/core-backend/cmd/core/app	[no test files]
?   	github.com/cloudbees/core-backend/pkg/apis/cloudbees.com	[no test files]
?   	github.com/cloudbees/core-backend/pkg/apis/cloudbees.com/v1	[no test files]
time="2018-12-17T17:30:49Z" level=info msg="Pipeline cache enabled: true" source="activity.go:19"
=== RUN   TestCreateEnvironmentRef
--- PASS: TestCreateEnvironmentRef (0.00s)
=== RUN   TestBuildActivePipelineInfo
--- PASS: TestBuildActivePipelineInfo (0.00s)
=== RUN   TestGetGitOwnerAndAppName
--- PASS: TestGetGitOwnerAndAppName (0.00s)
=== RUN   TestDefaultActivePipelines
--- PASS: TestDefaultActivePipelines (0.00s)
PASS
ok  	github.com/cloudbees/core-backend/pkg/apps	1.399s
?   	github.com/cloudbees/core-backend/pkg/caching	[no test files]
?   	github.com/cloudbees/core-backend/pkg/client/clientset/versioned	[no test files]
?   	github.com/cloudbees/core-backend/pkg/client/clientset/versioned/fake	[no test files]
?   	github.com/cloudbees/core-backend/pkg/client/clientset/versioned/scheme	[no test files]
?   	github.com/cloudbees/core-backend/pkg/client/clientset/versioned/typed/cloudbees.com/v1	[no test files]
?   	github.com/cloudbees/core-backend/pkg/client/clientset/versioned/typed/cloudbees.com/v1/fake	[no test files]
?   	github.com/cloudbees/core-backend/pkg/client/informers/externalversions	[no test files]
?   	github.com/cloudbees/core-backend/pkg/client/informers/externalversions/cloudbees.com	[no test files]
?   	github.com/cloudbees/core-backend/pkg/client/informers/externalversions/cloudbees.com/v1	[no test files]
?   	github.com/cloudbees/core-backend/pkg/client/informers/externalversions/internalinterfaces	[no test files]
?   	github.com/cloudbees/core-backend/pkg/client/listers/cloudbees.com/v1	[no test files]
?   	github.com/cloudbees/core-backend/pkg/common	[no test files]
time="2018-12-17T17:31:02Z" level=info msg="Pipeline cache enabled: true" source="activity.go:19"
=== RUN   TestKubePaths
--- PASS: TestKubePaths (0.00s)
=== RUN   TestFormatPathWithQueryString
--- PASS: TestFormatPathWithQueryString (0.00s)
=== RUN   TestCreateUser
=== PAUSE TestCreateUser
=== RUN   TestKubeProxy
--- PASS: TestKubeProxy (0.00s)
=== RUN   TestTag
--- PASS: TestTag (0.00s)
=== CONT  TestCreateUser
=== RUN   TestCreateUser/update_user_with_service_account_and_role_binding
=== RUN   TestCreateUser/update_user_with_role_binding
=== RUN   TestCreateUser/create_user
=== RUN   TestCreateUser/update_user
--- PASS: TestCreateUser (0.00s)
    --- PASS: TestCreateUser/update_user_with_service_account_and_role_binding (0.00s)
    --- PASS: TestCreateUser/update_user_with_role_binding (0.00s)
    --- PASS: TestCreateUser/create_user (0.00s)
    --- PASS: TestCreateUser/update_user (0.00s)
PASS
ok  	github.com/cloudbees/core-backend/pkg/controller	1.705s
?   	github.com/cloudbees/core-backend/pkg/controller/app	[no test files]
?   	github.com/cloudbees/core-backend/pkg/controller/app/test	[no test files]
?   	github.com/cloudbees/core-backend/pkg/core/cmd	[no test files]
?   	github.com/cloudbees/core-backend/pkg/design	[no test files]
=== RUN   TestParseTokenFromRequest
--- PASS: TestParseTokenFromRequest (0.00s)
=== RUN   TestExtractIssuerURL
--- PASS: TestExtractIssuerURL (0.00s)
=== RUN   TestRetrieveUserinfo
--- PASS: TestRetrieveUserinfo (0.00s)
PASS
ok  	github.com/cloudbees/core-backend/pkg/jwt	0.489s
?   	github.com/cloudbees/core-backend/pkg/kube	[no test files]
=== RUN   TestKubeQLQueryMultipleResources
--- PASS: TestKubeQLQueryMultipleResources (0.00s)
=== RUN   TestKubeQLQueryMultipleResourcesWithDefaultNamespace
--- PASS: TestKubeQLQueryMultipleResourcesWithDefaultNamespace (0.00s)
=== RUN   TestKubeQLSingleResource
--- PASS: TestKubeQLSingleResource (0.00s)
PASS
ok  	github.com/cloudbees/core-backend/pkg/kubeql	0.422s
?   	github.com/cloudbees/core-backend/pkg/log	[no test files]
?   	github.com/cloudbees/core-backend/pkg/nodes	[no test files]
?   	github.com/cloudbees/core-backend/pkg/version	[no test files]
[Pipeline] sh
+ make test
DISABLE_SSO=true CGO_ENABLED=0 GO111MODULE=on GO15VENDOREXPERIMENT=1 go test github.com/cloudbees/core-backend/cmd/core github.com/cloudbees/core-backend/cmd/core/app github.com/cloudbees/core-backend/pkg/apis/cloudbees.com github.com/cloudbees/core-backend/pkg/apis/cloudbees.com/v1 github.com/cloudbees/core-backend/pkg/apps github.com/cloudbees/core-backend/pkg/caching github.com/cloudbees/core-backend/pkg/client/clientset/versioned github.com/cloudbees/core-backend/pkg/client/clientset/versioned/fake github.com/cloudbees/core-backend/pkg/client/clientset/versioned/scheme github.com/cloudbees/core-backend/pkg/client/clientset/versioned/typed/cloudbees.com/v1 github.com/cloudbees/core-backend/pkg/client/clientset/versioned/typed/cloudbees.com/v1/fake github.com/cloudbees/core-backend/pkg/client/informers/externalversions github.com/cloudbees/core-backend/pkg/client/informers/externalversions/cloudbees.com github.com/cloudbees/core-backend/pkg/client/informers/externalversions/cloudbees.com/v1 github.com/cloudbees/core-backend/pkg/client/informers/externalversions/internalinterfaces github.com/cloudbees/core-backend/pkg/client/listers/cloudbees.com/v1 github.com/cloudbees/core-backend/pkg/common github.com/cloudbees/core-backend/pkg/controller github.com/cloudbees/core-backend/pkg/controller/app github.com/cloudbees/core-backend/pkg/controller/app/test github.com/cloudbees/core-backend/pkg/core/cmd github.com/cloudbees/core-backend/pkg/design github.com/cloudbees/core-backend/pkg/jwt github.com/cloudbees/core-backend/pkg/kube github.com/cloudbees/core-backend/pkg/kubeql github.com/cloudbees/core-backend/pkg/log github.com/cloudbees/core-backend/pkg/nodes github.com/cloudbees/core-backend/pkg/schema github.com/cloudbees/core-backend/pkg/swagger github.com/cloudbees/core-backend/pkg/version -test.v
?   	github.com/cloudbees/core-backend/cmd/core	[no test files]
?   	github.com/cloudbees/core-backend/cmd/core/app	[no test files]
?   	github.com/cloudbees/core-backend/pkg/apis/cloudbees.com	[no test files]
?   	github.com/cloudbees/core-backend/pkg/apis/cloudbees.com/v1	[no test files]
time="2018-12-17T17:30:49Z" level=info msg="Pipeline cache enabled: true" source="activity.go:19"
=== RUN   TestCreateEnvironmentRef
--- PASS: TestCreateEnvironmentRef (0.00s)
=== RUN   TestBuildActivePipelineInfo
--- PASS: TestBuildActivePipelineInfo (0.00s)
=== RUN   TestGetGitOwnerAndAppName
--- PASS: TestGetGitOwnerAndAppName (0.00s)
=== RUN   TestDefaultActivePipelines
--- PASS: TestDefaultActivePipelines (0.00s)
PASS
ok  	github.com/cloudbees/core-backend/pkg/apps	(cached)
?   	github.com/cloudbees/core-backend/pkg/caching	[no test files]
?   	github.com/cloudbees/core-backend/pkg/client/clientset/versioned	[no test files]
?   	github.com/cloudbees/core-backend/pkg/client/clientset/versioned/fake	[no test files]
?   	github.com/cloudbees/core-backend/pkg/client/clientset/versioned/scheme	[no test files]
?   	github.com/cloudbees/core-backend/pkg/client/clientset/versioned/typed/cloudbees.com/v1	[no test files]
?   	github.com/cloudbees/core-backend/pkg/client/clientset/versioned/typed/cloudbees.com/v1/fake	[no test files]
?   	github.com/cloudbees/core-backend/pkg/client/informers/externalversions	[no test files]
?   	github.com/cloudbees/core-backend/pkg/client/informers/externalversions/cloudbees.com	[no test files]
?   	github.com/cloudbees/core-backend/pkg/client/informers/externalversions/cloudbees.com/v1	[no test files]
?   	github.com/cloudbees/core-backend/pkg/client/informers/externalversions/internalinterfaces	[no test files]
?   	github.com/cloudbees/core-backend/pkg/client/listers/cloudbees.com/v1	[no test files]
?   	github.com/cloudbees/core-backend/pkg/common	[no test files]
time="2018-12-17T17:31:02Z" level=info msg="Pipeline cache enabled: true" source="activity.go:19"
=== RUN   TestKubePaths
--- PASS: TestKubePaths (0.00s)
=== RUN   TestFormatPathWithQueryString
--- PASS: TestFormatPathWithQueryString (0.00s)
=== RUN   TestCreateUser
=== PAUSE TestCreateUser
=== RUN   TestKubeProxy
--- PASS: TestKubeProxy (0.00s)
=== RUN   TestTag
--- PASS: TestTag (0.00s)
=== CONT  TestCreateUser
=== RUN   TestCreateUser/update_user_with_service_account_and_role_binding
=== RUN   TestCreateUser/update_user_with_role_binding
=== RUN   TestCreateUser/create_user
=== RUN   TestCreateUser/update_user
--- PASS: TestCreateUser (0.00s)
    --- PASS: TestCreateUser/update_user_with_service_account_and_role_binding (0.00s)
    --- PASS: TestCreateUser/update_user_with_role_binding (0.00s)
    --- PASS: TestCreateUser/create_user (0.00s)
    --- PASS: TestCreateUser/update_user (0.00s)
PASS
ok  	github.com/cloudbees/core-backend/pkg/controller	(cached)
?   	github.com/cloudbees/core-backend/pkg/controller/app	[no test files]
?   	github.com/cloudbees/core-backend/pkg/controller/app/test	[no test files]
?   	github.com/cloudbees/core-backend/pkg/core/cmd	[no test files]
?   	github.com/cloudbees/core-backend/pkg/design	[no test files]
=== RUN   TestParseTokenFromRequest
--- PASS: TestParseTokenFromRequest (0.00s)
=== RUN   TestExtractIssuerURL
--- PASS: TestExtractIssuerURL (0.00s)
=== RUN   TestRetrieveUserinfo
--- PASS: TestRetrieveUserinfo (0.00s)
PASS
ok  	github.com/cloudbees/core-backend/pkg/jwt	(cached)
?   	github.com/cloudbees/core-backend/pkg/kube	[no test files]
=== RUN   TestKubeQLQueryMultipleResources
--- PASS: TestKubeQLQueryMultipleResources (0.00s)
=== RUN   TestKubeQLQueryMultipleResourcesWithDefaultNamespace
--- PASS: TestKubeQLQueryMultipleResourcesWithDefaultNamespace (0.00s)
=== RUN   TestKubeQLSingleResource
--- PASS: TestKubeQLSingleResource (0.00s)
PASS
ok  	github.com/cloudbees/core-backend/pkg/kubeql	(cached)
?   	github.com/cloudbees/core-backend/pkg/log	[no test files]
?   	github.com/cloudbees/core-backend/pkg/nodes	[no test files]
?   	github.com/cloudbees/core-backend/pkg/schema	[no test files]
?   	github.com/cloudbees/core-backend/pkg/swagger	[no test files]
?   	github.com/cloudbees/core-backend/pkg/version	[no test files]
[Pipeline] sh
+ ./build/core --help
time="2018-12-17T17:31:31Z" level=info msg="Pipeline cache enabled: true" source="activity.go:19"
core is the command line tool for the core REST API

Usage:
  core [flags]
  core [command]

Available Commands:
  chatbot     Runs the chatbot
  help        Help about any command
  run         Runs the core back end REST API
  sample      Samples the REST API output for easier documention or creating mock servers to develop UIs against

Flags:
  -h, --help   help for core

Use "core [command] --help" for more information about a command.
[Pipeline] sh
+ docker build -t docker.io/jenkinsxio/core-backend:0.1.0-SNAPSHOT-PR-157-1 .
Sending build context to Docker daemon  67.51MB
Step 1/9 : FROM alpine:3.8
 ---> 196d12cf6ab1
Step 2/9 : RUN apk update && apk add --no-cache curl ca-certificates git tar
 ---> Using cache
 ---> 8f8fb9bd30fa
Step 3/9 : ENV HELM_VERSION 2.10.0
 ---> Using cache
 ---> f1890259e656
Step 4/9 : RUN curl https://storage.googleapis.com/kubernetes-helm/helm-v${HELM_VERSION}-linux-amd64.tar.gz  | tar xzv &&   mv linux-amd64/helm /usr/bin/ &&   rm -rf linux-amd64
 ---> Using cache
 ---> 3a1e3ce2093b
Step 5/9 : RUN curl -L https://github.com/jstrachan/helm/releases/download/untagged-93375777c6644a452a64/helm-linux-amd64.tar.gz | tar xzv &&   mv helm /usr/bin/helm3
 ---> Using cache
 ---> 7030025e2044
Step 6/9 : RUN curl -L https://github.com/jstrachan/helm-tiller-release/releases/download/2.10.0/tiller.tar.gz | tar xzv &&   chmod +x tiller &&   mv tiller /usr/bin/
 ---> Using cache
 ---> 95d562beaa18
Step 7/9 : RUN curl -LO https://storage.googleapis.com/kubernetes-release/release/$(curl -s https://storage.googleapis.com/kubernetes-release/release/stable.txt)/bin/linux/amd64/kubectl &&   chmod +x kubectl &&   mv kubectl /usr/bin/
 ---> Using cache
 ---> 42952fd072bf
Step 8/9 : ENTRYPOINT /core run
 ---> Using cache
 ---> c37529c128d1
Step 9/9 : COPY ./build/core /
 ---> a6f4e57ca4c3
Removing intermediate container a79651144ef7
Successfully built a6f4e57ca4c3
[Pipeline] sh
+ docker push docker.io/jenkinsxio/core-backend:0.1.0-SNAPSHOT-PR-157-1
The push refers to a repository [docker.io/jenkinsxio/core-backend]
b799b612fdce: Preparing
4575e0df8181: Preparing
2a455b4c89af: Preparing
e4c6d4c75c86: Preparing
26877fc96adb: Preparing
8a9e8895f2fd: Preparing
df64d3292fd6: Preparing
8a9e8895f2fd: Waiting
df64d3292fd6: Waiting
2a455b4c89af: Layer already exists
e4c6d4c75c86: Layer already exists
26877fc96adb: Layer already exists
4575e0df8181: Layer already exists
8a9e8895f2fd: Layer already exists
df64d3292fd6: Layer already exists
b799b612fdce: Pushed
0.1.0-SNAPSHOT-PR-157-1: digest: sha256:89b6e9654a46d1576dadffb94c3554c5564c9516d09718e4926e1521ae2d1cc8 size: 1796
[Pipeline] }
[Pipeline] // dir
[Pipeline] }
[Pipeline] // stage
[Pipeline] stage
[Pipeline] { (CI Push to Docker hub)
[Pipeline] echo
CI build is pushing to docker hub as running JOB_NAME: job so not in a fork!
[Pipeline] sh
+ docker tag docker.io/jenkinsxio/core-backend:0.1.0-SNAPSHOT-PR-157-1 docker.io/jenkinsxio/core-backend:0.1.0-SNAPSHOT-PR-157-1
[Pipeline] sh
+ docker push docker.io/jenkinsxio/core-backend:0.1.0-SNAPSHOT-PR-157-1
The push refers to a repository [docker.io/jenkinsxio/core-backend]
b799b612fdce: Preparing
4575e0df8181: Preparing
2a455b4c89af: Preparing
e4c6d4c75c86: Preparing
26877fc96adb: Preparing
8a9e8895f2fd: Preparing
df64d3292fd6: Preparing
8a9e8895f2fd: Waiting
df64d3292fd6: Waiting
26877fc96adb: Layer already exists
e4c6d4c75c86: Layer already exists
2a455b4c89af: Layer already exists
4575e0df8181: Layer already exists
b799b612fdce: Layer already exists
df64d3292fd6: Layer already exists
8a9e8895f2fd: Layer already exists
0.1.0-SNAPSHOT-PR-157-1: digest: sha256:89b6e9654a46d1576dadffb94c3554c5564c9516d09718e4926e1521ae2d1cc8 size: 1796
[Pipeline] }
[Pipeline] // stage
[Pipeline] stage
[Pipeline] { (Build and Release)
Stage "Build and Release" skipped due to when conditional
[Pipeline] }
[Pipeline] // stage
[Pipeline] }
[Pipeline] // withEnv
[Pipeline] }
[Pipeline] // node
[Pipeline] End of Pipeline
